#
# There is insufficient memory for the Java Runtime Environment to continue.
# Native memory allocation (malloc) failed to allocate 356064 bytes. Error detail: Chunk::new
# Possible reasons:
#   The system is out of physical RAM or swap space
#   This process is running with CompressedOops enabled, and the Java Heap may be blocking the growth of the native heap
# Possible solutions:
#   Reduce memory load on the system
#   Increase physical memory or swap space
#   Check if swap backing store is full
#   Decrease Java heap size (-Xmx/-Xms)
#   Decrease number of Java threads
#   Decrease Java thread stack sizes (-Xss)
#   Set larger code cache with -XX:ReservedCodeCacheSize=
#   JVM is running with Unscaled Compressed Oops mode in which the Java heap is
#     placed in the first 4GB address space. The Java Heap base address is the
#     maximum limit for the native heap growth. Please use -XX:HeapBaseMinAddress
#     to set the Java Heap base and to place the Java Heap above 4GB virtual address.
# This output file may be truncated or incomplete.
#
#  Out of Memory Error (arena.cpp:168), pid=9392, tid=7964
#
# JRE version: OpenJDK Runtime Environment Temurin-21.0.6+7 (21.0.6+7) (build 21.0.6+7-LTS)
# Java VM: OpenJDK 64-Bit Server VM Temurin-21.0.6+7 (21.0.6+7-LTS, mixed mode, sharing, tiered, compressed oops, compressed class ptrs, parallel gc, windows-amd64)
# No core dump will be written. Minidumps are not enabled by default on client versions of Windows
#

---------------  S U M M A R Y ------------

Command Line: --add-modules=ALL-SYSTEM --add-opens=java.base/java.util=ALL-UNNAMED --add-opens=java.base/java.lang=ALL-UNNAMED --add-opens=java.base/sun.nio.fs=ALL-UNNAMED -Declipse.application=org.eclipse.jdt.ls.core.id1 -Dosgi.bundles.defaultStartLevel=4 -Declipse.product=org.eclipse.jdt.ls.core.product -Djava.import.generatesMetadataFilesAtProjectRoot=false -DDetectVMInstallationsJob.disabled=true -Dfile.encoding=utf8 -XX:+UseParallelGC -XX:GCTimeRatio=4 -XX:AdaptiveSizePolicyWeight=90 -Dsun.zip.disableMemoryMapping=true -Xmx1G -Xms100m -Xlog:disable -javaagent:c:\Users\Usuario\.vscode\extensions\redhat.java-1.41.0-win32-x64\lombok\lombok-1.18.36.jar -XX:+HeapDumpOnOutOfMemoryError -XX:HeapDumpPath=c:\Users\Usuario\AppData\Roaming\Code\User\workspaceStorage\7909a9513652716bd972e05c782d54f9\redhat.java -Daether.dependencyCollector.impl=bf c:\Users\Usuario\.vscode\extensions\redhat.java-1.41.0-win32-x64\server\plugins\org.eclipse.equinox.launcher_1.6.1100.v20250306-0509.jar -configuration c:\Users\Usuario\AppData\Roaming\Code\User\globalStorage\redhat.java\1.41.0\config_win -data c:\Users\Usuario\AppData\Roaming\Code\User\workspaceStorage\7909a9513652716bd972e05c782d54f9\redhat.java\jdt_ws --pipe=\\.\pipe\lsp-3760fafab0d89c2b1d60eed91e007a08-sock

Host: Intel(R) Celeron(R) CPU B800 @ 1.50GHz, 2 cores, 1G,  Windows 10 , 64 bit Build 16299 (10.0.16299.15)
Time: Tue Apr  1 23:52:44 2025 Hora oficial do Brasil elapsed time: 8.901495 seconds (0d 0h 0m 8s)

---------------  T H R E A D  ---------------

Current thread (0x000001c1f3a31710):  JavaThread "C2 CompilerThread0" daemon [_thread_in_native, id=7964, stack(0x0000000380200000,0x0000000380300000) (1024K)]


Current CompileTask:
C2:8901  654       4       lombok.patcher.PatchScript::classMatches (41 bytes)

Stack: [0x0000000380200000,0x0000000380300000]
Native frames: (J=compiled Java code, j=interpreted, Vv=VM code, C=native code)
V  [jvm.dll+0x6cdee9]
V  [jvm.dll+0x8a83d1]
V  [jvm.dll+0x8aa8fe]
V  [jvm.dll+0x8aafe3]
V  [jvm.dll+0x27f706]
V  [jvm.dll+0xc500d]
V  [jvm.dll+0xc5543]
V  [jvm.dll+0x3b678c]
V  [jvm.dll+0x382935]
V  [jvm.dll+0x381d9a]
V  [jvm.dll+0x2479f0]
V  [jvm.dll+0x246fcf]
V  [jvm.dll+0x1c75ee]
V  [jvm.dll+0x25685a]
V  [jvm.dll+0x254dfa]
V  [jvm.dll+0x3f0256]
V  [jvm.dll+0x851f8b]
V  [jvm.dll+0x6cc5ed]
C  [ucrtbase.dll+0x1d885]
C  [KERNEL32.DLL+0x11fe4]
C  [ntdll.dll+0x6efb1]


---------------  P R O C E S S  ---------------

Threads class SMR info:
_java_thread_list=0x000001c1f43a7bd0, length=11, elements={
0x000001c1df73e210, 0x000001c1f3a269d0, 0x000001c1f3a28650, 0x000001c1f3a2b560,
0x000001c1f3a2e380, 0x000001c1f3a2ff40, 0x000001c1f3a30990, 0x000001c1f3a31710,
0x000001c1f3aa5f60, 0x000001c1df7aca50, 0x000001c1f43ca690
}

Java Threads: ( => current thread )
  0x000001c1df73e210 JavaThread "main"                              [_thread_in_vm, id=9468, stack(0x00000003ff800000,0x00000003ff900000) (1024K)]
  0x000001c1f3a269d0 JavaThread "Reference Handler"          daemon [_thread_blocked, id=8572, stack(0x00000003ffc00000,0x00000003ffd00000) (1024K)]
  0x000001c1f3a28650 JavaThread "Finalizer"                  daemon [_thread_blocked, id=9412, stack(0x00000003ffd00000,0x00000003ffe00000) (1024K)]
  0x000001c1f3a2b560 JavaThread "Signal Dispatcher"          daemon [_thread_blocked, id=10152, stack(0x00000003ffe00000,0x00000003fff00000) (1024K)]
  0x000001c1f3a2e380 JavaThread "Attach Listener"            daemon [_thread_blocked, id=9972, stack(0x00000003fff00000,0x0000000400000000) (1024K)]
  0x000001c1f3a2ff40 JavaThread "Service Thread"             daemon [_thread_blocked, id=10196, stack(0x0000000380000000,0x0000000380100000) (1024K)]
  0x000001c1f3a30990 JavaThread "Monitor Deflation Thread"   daemon [_thread_blocked, id=10144, stack(0x0000000380100000,0x0000000380200000) (1024K)]
=>0x000001c1f3a31710 JavaThread "C2 CompilerThread0"         daemon [_thread_in_native, id=7964, stack(0x0000000380200000,0x0000000380300000) (1024K)]
  0x000001c1f3aa5f60 JavaThread "C1 CompilerThread0"         daemon [_thread_blocked, id=9988, stack(0x0000000380300000,0x0000000380400000) (1024K)]
  0x000001c1df7aca50 JavaThread "Common-Cleaner"             daemon [_thread_blocked, id=9356, stack(0x0000000380400000,0x0000000380500000) (1024K)]
  0x000001c1f43ca690 JavaThread "Notification Thread"        daemon [_thread_blocked, id=10000, stack(0x0000000380500000,0x0000000380600000) (1024K)]
Total: 11

Other Threads:
  0x000001c1df8008c0 VMThread "VM Thread"                           [id=8456, stack(0x00000003ffb00000,0x00000003ffc00000) (1024K)]
  0x000001c1f3a1c9d0 WatcherThread "VM Periodic Task Thread"        [id=9880, stack(0x00000003ffa00000,0x00000003ffb00000) (1024K)]
  0x000001c1df75e7f0 WorkerThread "GC Thread#0"                     [id=9520, stack(0x00000003ff900000,0x00000003ffa00000) (1024K)]
Total: 3

Threads with active compile tasks:
C2 CompilerThread0  8948  654       4       lombok.patcher.PatchScript::classMatches (41 bytes)
Total: 1

VM state: not at safepoint (normal execution)

VM Mutex/Monitor currently owned by a thread: None

Heap address: 0x00000000c0000000, size: 1024 MB, Compressed Oops mode: 32-bit

CDS archive(s) mapped at: [0x000001c180000000-0x000001c180ba0000-0x000001c180ba0000), size 12189696, SharedBaseAddress: 0x000001c180000000, ArchiveRelocationMode: 1.
Compressed class space mapped at: 0x000001c181000000-0x000001c1c1000000, reserved size: 1073741824
Narrow klass base: 0x000001c180000000, Narrow klass shift: 0, Narrow klass range: 0x100000000

GC Precious Log:
 CardTable entry size: 512
 CPUs: 2 total, 2 available
 Memory: 1488M
 Large Page Support: Disabled
 NUMA Support: Disabled
 Compressed Oops: Enabled (32-bit)
 Alignments: Space 512K, Generation 512K, Heap 2M
 Heap Min Capacity: 100M
 Heap Initial Capacity: 100M
 Heap Max Capacity: 1G
 Pre-touch: Disabled
 Parallel Workers: 2

Heap:
 PSYoungGen      total 29696K, used 12336K [0x00000000eab00000, 0x00000000ecc00000, 0x0000000100000000)
  eden space 25600K, 48% used [0x00000000eab00000,0x00000000eb70c1b0,0x00000000ec400000)
  from space 4096K, 0% used [0x00000000ec800000,0x00000000ec800000,0x00000000ecc00000)
  to   space 4096K, 0% used [0x00000000ec400000,0x00000000ec400000,0x00000000ec800000)
 ParOldGen       total 68608K, used 0K [0x00000000c0000000, 0x00000000c4300000, 0x00000000eab00000)
  object space 68608K, 0% used [0x00000000c0000000,0x00000000c0000000,0x00000000c4300000)
 Metaspace       used 2204K, committed 2432K, reserved 1114112K
  class space    used 212K, committed 320K, reserved 1048576K

Card table byte_map: [0x000001c1df0f0000,0x000001c1df300000] _byte_map_base: 0x000001c1deaf0000

Marking Bits: (ParMarkBitMap*) 0x00007ff93d873260
 Begin Bits: [0x000001c1f1940000, 0x000001c1f2940000)
 End Bits:   [0x000001c1f2940000, 0x000001c1f3940000)

Polling page: 0x000001c1dd360000

Metaspace:

Usage:
  Non-class:      1.94 MB used.
      Class:    212.80 KB used.
       Both:      2.15 MB used.

Virtual space:
  Non-class space:       64.00 MB reserved,       2.06 MB (  3%) committed,  1 nodes.
      Class space:        1.00 GB reserved,     320.00 KB ( <1%) committed,  1 nodes.
             Both:        1.06 GB reserved,       2.38 MB ( <1%) committed. 

Chunk freelists:
   Non-Class:  11.65 MB
       Class:  15.67 MB
        Both:  27.32 MB

MaxMetaspaceSize: unlimited
CompressedClassSpaceSize: 1.00 GB
Initial GC threshold: 21.00 MB
Current GC threshold: 21.00 MB
CDS: on
 - commit_granule_bytes: 65536.
 - commit_granule_words: 8192.
 - virtual_space_node_default_size: 8388608.
 - enlarge_chunks_in_place: 1.
 - use_allocation_guard: 0.


Internal statistics:

num_allocs_failed_limit: 0.
num_arena_births: 80.
num_arena_deaths: 0.
num_vsnodes_births: 2.
num_vsnodes_deaths: 0.
num_space_committed: 38.
num_space_uncommitted: 0.
num_chunks_returned_to_freelist: 0.
num_chunks_taken_from_freelist: 102.
num_chunk_merges: 0.
num_chunk_splits: 71.
num_chunks_enlarged: 46.
num_inconsistent_stats: 0.

CodeHeap 'non-profiled nmethods': size=120064Kb used=247Kb max_used=247Kb free=119816Kb
 bounds [0x000001c1ea400000, 0x000001c1ea670000, 0x000001c1f1940000]
CodeHeap 'profiled nmethods': size=120000Kb used=969Kb max_used=969Kb free=119030Kb
 bounds [0x000001c1e2940000, 0x000001c1e2bb0000, 0x000001c1e9e70000]
CodeHeap 'non-nmethods': size=5696Kb used=1169Kb max_used=1187Kb free=4526Kb
 bounds [0x000001c1e9e70000, 0x000001c1ea0e0000, 0x000001c1ea400000]
 total_blobs=1079 nmethods=653 adapters=334
 compilation: enabled
              stopped_count=0, restarted_count=0
 full_count=0

Compilation events (20 events):
Event: 8.510 Thread 0x000001c1f3a31710 nmethod 642 0x000001c1ea438590 code [0x000001c1ea438720, 0x000001c1ea438838]
Event: 8.511 Thread 0x000001c1f3a31710  644       4       java.util.HashSet::iterator (13 bytes)
Event: 8.530 Thread 0x000001c1f3a31710 nmethod 644 0x000001c1ea438910 code [0x000001c1ea438b00, 0x000001c1ea439108]
Event: 8.530 Thread 0x000001c1f3a31710  645       4       java.util.HashMap$KeySet::iterator (12 bytes)
Event: 8.540 Thread 0x000001c1f3a31710 nmethod 645 0x000001c1ea439490 code [0x000001c1ea439640, 0x000001c1ea4399d8]
Event: 8.541 Thread 0x000001c1f3aa5f60  646       3       sun.security.util.DerValue::<init> (445 bytes)
Event: 8.544 Thread 0x000001c1f3aa5f60 nmethod 646 0x000001c1e2a2c510 code [0x000001c1e2a2c940, 0x000001c1e2a2e2f8]
Event: 8.544 Thread 0x000001c1f3aa5f60  647       3       sun.security.util.DerInputStream::getDerValue (76 bytes)
Event: 8.545 Thread 0x000001c1f3aa5f60 nmethod 647 0x000001c1e2a2ec90 code [0x000001c1e2a2ee40, 0x000001c1e2a2f0a0]
Event: 8.556 Thread 0x000001c1f3aa5f60  650       3       sun.invoke.util.VerifyAccess::isSamePackage (37 bytes)
Event: 8.557 Thread 0x000001c1f3aa5f60 nmethod 650 0x000001c1e2a2f190 code [0x000001c1e2a2f3a0, 0x000001c1e2a2f910]
Event: 8.559 Thread 0x000001c1f3a31710  651       4       java.lang.Math::min (11 bytes)
Event: 8.560 Thread 0x000001c1f3a31710 nmethod 651 0x000001c1ea43a290 code [0x000001c1ea43a400, 0x000001c1ea43a470]
Event: 8.562 Thread 0x000001c1f3a31710  652       4       java.util.Collections$UnmodifiableCollection::iterator (9 bytes)
Event: 8.585 Thread 0x000001c1f3a31710 nmethod 652 0x000001c1ea43a590 code [0x000001c1ea43a7a0, 0x000001c1ea43aec8]
Event: 8.591 Thread 0x000001c1f3a31710  653       4       lombok.patcher.scripts.MethodLevelPatchScript::patch (21 bytes)
Event: 8.761 Thread 0x000001c1f3a31710 nmethod 653 0x000001c1ea43b390 code [0x000001c1ea43b640, 0x000001c1ea43cae8]
Event: 8.761 Thread 0x000001c1f3a31710  654       4       lombok.patcher.PatchScript::classMatches (41 bytes)
Event: 8.888 Thread 0x000001c1f3aa5f60  656       3       java.math.BigInteger::destructiveMulAdd (150 bytes)
Event: 8.889 Thread 0x000001c1f3aa5f60 nmethod 656 0x000001c1e2a2fb10 code [0x000001c1e2a2fcc0, 0x000001c1e2a2fff0]

GC Heap History (0 events):
No events

Dll operation events (8 events):
Event: 0.146 Loaded shared library c:\Users\Usuario\.vscode\extensions\redhat.java-1.41.0-win32-x64\jre\21.0.6-win32-x86_64\bin\java.dll
Event: 3.270 Loaded shared library c:\Users\Usuario\.vscode\extensions\redhat.java-1.41.0-win32-x64\jre\21.0.6-win32-x86_64\bin\zip.dll
Event: 3.642 Loaded shared library C:\Users\Usuario\.vscode\extensions\redhat.java-1.41.0-win32-x64\jre\21.0.6-win32-x86_64\bin\instrument.dll
Event: 3.661 Loaded shared library C:\Users\Usuario\.vscode\extensions\redhat.java-1.41.0-win32-x64\jre\21.0.6-win32-x86_64\bin\net.dll
Event: 3.686 Loaded shared library C:\Users\Usuario\.vscode\extensions\redhat.java-1.41.0-win32-x64\jre\21.0.6-win32-x86_64\bin\nio.dll
Event: 3.717 Loaded shared library C:\Users\Usuario\.vscode\extensions\redhat.java-1.41.0-win32-x64\jre\21.0.6-win32-x86_64\bin\zip.dll
Event: 3.905 Loaded shared library C:\Users\Usuario\.vscode\extensions\redhat.java-1.41.0-win32-x64\jre\21.0.6-win32-x86_64\bin\jimage.dll
Event: 5.768 Loaded shared library c:\Users\Usuario\.vscode\extensions\redhat.java-1.41.0-win32-x64\jre\21.0.6-win32-x86_64\bin\verify.dll

Deoptimization events (20 events):
Event: 8.357 Thread 0x000001c1df73e210 Uncommon trap: trap_request=0xffffffde fr.pc=0x000001c1ea434fc4 relative=0x0000000000000124
Event: 8.357 Thread 0x000001c1df73e210 Uncommon trap: reason=class_check action=maybe_recompile pc=0x000001c1ea434fc4 method=jdk.internal.misc.Unsafe.allocateUninitializedArray(Ljava/lang/Class;I)Ljava/lang/Object; @ 51 c2
Event: 8.357 Thread 0x000001c1df73e210 DEOPT PACKING pc=0x000001c1ea434fc4 sp=0x00000003ff8fbee0
Event: 8.357 Thread 0x000001c1df73e210 DEOPT UNPACKING pc=0x000001c1e9ec3a9c sp=0x00000003ff8fbe58 mode 2
Event: 8.357 Thread 0x000001c1df73e210 Uncommon trap: trap_request=0xffffffde fr.pc=0x000001c1ea434fc4 relative=0x0000000000000124
Event: 8.357 Thread 0x000001c1df73e210 Uncommon trap: reason=class_check action=maybe_recompile pc=0x000001c1ea434fc4 method=jdk.internal.misc.Unsafe.allocateUninitializedArray(Ljava/lang/Class;I)Ljava/lang/Object; @ 51 c2
Event: 8.357 Thread 0x000001c1df73e210 DEOPT PACKING pc=0x000001c1ea434fc4 sp=0x00000003ff8fbee0
Event: 8.357 Thread 0x000001c1df73e210 DEOPT UNPACKING pc=0x000001c1e9ec3a9c sp=0x00000003ff8fbe58 mode 2
Event: 8.358 Thread 0x000001c1df73e210 Uncommon trap: trap_request=0xffffffde fr.pc=0x000001c1ea434fc4 relative=0x0000000000000124
Event: 8.358 Thread 0x000001c1df73e210 Uncommon trap: reason=class_check action=maybe_recompile pc=0x000001c1ea434fc4 method=jdk.internal.misc.Unsafe.allocateUninitializedArray(Ljava/lang/Class;I)Ljava/lang/Object; @ 51 c2
Event: 8.358 Thread 0x000001c1df73e210 DEOPT PACKING pc=0x000001c1ea434fc4 sp=0x00000003ff8fbf20
Event: 8.358 Thread 0x000001c1df73e210 DEOPT UNPACKING pc=0x000001c1e9ec3a9c sp=0x00000003ff8fbe98 mode 2
Event: 8.425 Thread 0x000001c1df73e210 Uncommon trap: trap_request=0xffffff45 fr.pc=0x000001c1ea42f1fc relative=0x000000000000015c
Event: 8.425 Thread 0x000001c1df73e210 Uncommon trap: reason=unstable_if action=reinterpret pc=0x000001c1ea42f1fc method=jdk.internal.util.ArraysSupport.vectorizedHashCode(Ljava/lang/Object;IIII)I @ 2 c2
Event: 8.425 Thread 0x000001c1df73e210 DEOPT PACKING pc=0x000001c1ea42f1fc sp=0x00000003ff8fcb80
Event: 8.425 Thread 0x000001c1df73e210 DEOPT UNPACKING pc=0x000001c1e9ec3a9c sp=0x00000003ff8fcb30 mode 2
Event: 8.457 Thread 0x000001c1df73e210 Uncommon trap: trap_request=0xffffff45 fr.pc=0x000001c1ea4218f4 relative=0x00000000000000d4
Event: 8.457 Thread 0x000001c1df73e210 Uncommon trap: reason=unstable_if action=reinterpret pc=0x000001c1ea4218f4 method=java.net.URI.match(CJJ)Z @ 45 c2
Event: 8.457 Thread 0x000001c1df73e210 DEOPT PACKING pc=0x000001c1ea4218f4 sp=0x00000003ff8fce20
Event: 8.457 Thread 0x000001c1df73e210 DEOPT UNPACKING pc=0x000001c1e9ec3a9c sp=0x00000003ff8fcd88 mode 2

Classes loaded (20 events):
Event: 8.558 Loading class java/util/regex/Pattern$NotBehind
Event: 8.559 Loading class java/util/regex/Pattern$NotBehind done
Event: 8.560 Loading class sun/security/util/AbstractAlgorithmConstraints$1
Event: 8.560 Loading class sun/security/util/AbstractAlgorithmConstraints$1 done
Event: 8.589 Loading class sun/security/util/DisabledAlgorithmConstraints$Constraints
Event: 8.590 Loading class sun/security/util/DisabledAlgorithmConstraints$Constraints done
Event: 8.591 Loading class sun/security/util/CurveDB
Event: 8.808 Loading class sun/security/util/CurveDB done
Event: 8.810 Loading class java/security/spec/ECFieldFp
Event: 8.810 Loading class java/security/spec/ECField
Event: 8.811 Loading class java/security/spec/ECField done
Event: 8.811 Loading class java/security/spec/ECFieldFp done
Event: 8.812 Loading class java/security/spec/EllipticCurve
Event: 8.813 Loading class java/security/spec/EllipticCurve done
Event: 8.830 Loading class java/security/spec/ECPoint
Event: 8.830 Loading class java/security/spec/ECPoint done
Event: 8.831 Loading class sun/security/util/NamedCurve
Event: 8.833 Loading class java/security/spec/ECParameterSpec
Event: 8.848 Loading class java/security/spec/ECParameterSpec done
Event: 8.848 Loading class sun/security/util/NamedCurve done

Classes unloaded (0 events):
No events

Classes redefined (0 events):
No events

Internal exceptions (12 events):
Event: 3.230 Thread 0x000001c1df73e210 Exception <a 'java/lang/NoSuchMethodError'{0x00000000ead29db8}: 'void java.lang.invoke.DirectMethodHandle$Holder.invokeStatic(java.lang.Object, java.lang.Object, java.lang.Object)'> (0x00000000ead29db8) 
thrown [s\src\hotspot\share\interpreter\linkResolver.cpp, line 773]
Event: 3.848 Thread 0x000001c1df73e210 Exception <a 'java/lang/NoSuchMethodError'{0x00000000eae92418}: 'java.lang.Object java.lang.invoke.Invokers$Holder.invokeExact_MT(java.lang.Object, java.lang.Object, java.lang.Object, java.lang.Object, java.lang.Object)'> (0x00000000eae92418) 
thrown [s\src\hotspot\share\interpreter\linkResolver.cpp, line 773]
Event: 4.241 Thread 0x000001c1df73e210 Exception <a 'java/lang/NoSuchMethodError'{0x00000000eaf4bdc0}: 'int java.lang.invoke.DirectMethodHandle$Holder.invokeSpecial(java.lang.Object, java.lang.Object, java.lang.Object, int)'> (0x00000000eaf4bdc0) 
thrown [s\src\hotspot\share\interpreter\linkResolver.cpp, line 773]
Event: 4.358 Thread 0x000001c1df73e210 Exception <a 'java/lang/NoSuchMethodError'{0x00000000eaf5e7a8}: 'java.lang.Object java.lang.invoke.DirectMethodHandle$Holder.invokeStatic(java.lang.Object, java.lang.Object, java.lang.Object, java.lang.Object, int)'> (0x00000000eaf5e7a8) 
thrown [s\src\hotspot\share\interpreter\linkResolver.cpp, line 773]
Event: 4.406 Thread 0x000001c1df73e210 Exception <a 'java/lang/NoSuchMethodError'{0x00000000eaf69be8}: 'void java.lang.invoke.DelegatingMethodHandle$Holder.reinvoke_L(java.lang.Object, java.lang.Object, java.lang.Object, int, java.lang.Object)'> (0x00000000eaf69be8) 
thrown [s\src\hotspot\share\interpreter\linkResolver.cpp, line 773]
Event: 4.477 Thread 0x000001c1df73e210 Exception <a 'java/lang/NoSuchMethodError'{0x00000000eaf7a538}: 'int java.lang.invoke.DirectMethodHandle$Holder.invokeSpecial(java.lang.Object, java.lang.Object, java.lang.Object)'> (0x00000000eaf7a538) 
thrown [s\src\hotspot\share\interpreter\linkResolver.cpp, line 773]
Event: 4.693 Thread 0x000001c1df73e210 Exception <a 'java/lang/NoSuchMethodError'{0x00000000eaf861f8}: 'java.lang.Object java.lang.invoke.DirectMethodHandle$Holder.invokeStatic(java.lang.Object, java.lang.Object, int)'> (0x00000000eaf861f8) 
thrown [s\src\hotspot\share\interpreter\linkResolver.cpp, line 773]
Event: 4.705 Thread 0x000001c1df73e210 Exception <a 'java/lang/NoSuchMethodError'{0x00000000eaf8ab48}: 'void java.lang.invoke.DirectMethodHandle$Holder.invokeStatic(java.lang.Object, java.lang.Object, int, java.lang.Object)'> (0x00000000eaf8ab48) 
thrown [s\src\hotspot\share\interpreter\linkResolver.cpp, line 773]
Event: 4.711 Thread 0x000001c1df73e210 Exception <a 'java/lang/NoSuchMethodError'{0x00000000eaf8e6d8}: 'void java.lang.invoke.DirectMethodHandle$Holder.invokeSpecial(java.lang.Object, java.lang.Object, java.lang.Object, int, java.lang.Object)'> (0x00000000eaf8e6d8) 
thrown [s\src\hotspot\share\interpreter\linkResolver.cpp, line 773]
Event: 4.713 Thread 0x000001c1df73e210 Exception <a 'java/lang/NoSuchMethodError'{0x00000000eaf91b48}: 'void java.lang.invoke.DelegatingMethodHandle$Holder.delegate(java.lang.Object, java.lang.Object, int, java.lang.Object)'> (0x00000000eaf91b48) 
thrown [s\src\hotspot\share\interpreter\linkResolver.cpp, line 773]
Event: 6.044 Thread 0x000001c1df73e210 Exception <a 'java/lang/NoSuchMethodError'{0x00000000eb14ecd8}: 'void java.lang.invoke.DelegatingMethodHandle$Holder.reinvoke_L(java.lang.Object, java.lang.Object, java.lang.Object, int)'> (0x00000000eb14ecd8) 
thrown [s\src\hotspot\share\interpreter\linkResolver.cpp, line 773]
Event: 8.353 Thread 0x000001c1df73e210 Exception <a 'java/lang/NoSuchMethodError'{0x00000000eb5d7728}: 'void java.lang.invoke.DirectMethodHandle$Holder.invokeVirtual(java.lang.Object, java.lang.Object)'> (0x00000000eb5d7728) 
thrown [s\src\hotspot\share\interpreter\linkResolver.cpp, line 773]

ZGC Phase Switch (0 events):
No events

VM Operations (14 events):
Event: 2.671 Executing VM operation: Cleanup
Event: 2.700 Executing VM operation: Cleanup done
Event: 3.248 Executing VM operation: HandshakeAllThreads (Deoptimize)
Event: 3.248 Executing VM operation: HandshakeAllThreads (Deoptimize) done
Event: 4.046 Executing VM operation: HandshakeAllThreads (Deoptimize)
Event: 4.046 Executing VM operation: HandshakeAllThreads (Deoptimize) done
Event: 4.046 Executing VM operation: Cleanup
Event: 4.046 Executing VM operation: Cleanup done
Event: 5.048 Executing VM operation: Cleanup
Event: 5.062 Executing VM operation: Cleanup done
Event: 7.064 Executing VM operation: Cleanup
Event: 7.093 Executing VM operation: Cleanup done
Event: 8.093 Executing VM operation: Cleanup
Event: 8.096 Executing VM operation: Cleanup done

Memory protections (0 events):
No events

Nmethod flushes (0 events):
No events

Events (11 events):
Event: 0.391 Thread 0x000001c1df73e210 Thread added: 0x000001c1df73e210
Event: 2.094 Thread 0x000001c1df73e210 Thread added: 0x000001c1f3a269d0
Event: 2.094 Thread 0x000001c1df73e210 Thread added: 0x000001c1f3a28650
Event: 2.112 Thread 0x000001c1df73e210 Thread added: 0x000001c1f3a2b560
Event: 2.113 Thread 0x000001c1df73e210 Thread added: 0x000001c1f3a2e380
Event: 2.114 Thread 0x000001c1df73e210 Thread added: 0x000001c1f3a2ff40
Event: 2.114 Thread 0x000001c1df73e210 Thread added: 0x000001c1f3a30990
Event: 2.118 Thread 0x000001c1df73e210 Thread added: 0x000001c1f3a31710
Event: 2.268 Thread 0x000001c1df73e210 Thread added: 0x000001c1f3aa5f60
Event: 3.055 Thread 0x000001c1df73e210 Thread added: 0x000001c1df7aca50
Event: 7.133 Thread 0x000001c1df73e210 Thread added: 0x000001c1f43ca690


Dynamic libraries:
0x00007ff6067f0000 - 0x00007ff6067fe000 	c:\Users\Usuario\.vscode\extensions\redhat.java-1.41.0-win32-x64\jre\21.0.6-win32-x86_64\bin\java.exe
0x00007ff997dd0000 - 0x00007ff997fb0000 	C:\Windows\SYSTEM32\ntdll.dll
0x00007ff9978c0000 - 0x00007ff99796e000 	C:\Windows\System32\KERNEL32.DLL
0x00007ff994c70000 - 0x00007ff994ed6000 	C:\Windows\System32\KERNELBASE.dll
0x00007ff9950b0000 - 0x00007ff9951a6000 	C:\Windows\System32\ucrtbase.dll
0x00007ff980d20000 - 0x00007ff980d38000 	c:\Users\Usuario\.vscode\extensions\redhat.java-1.41.0-win32-x64\jre\21.0.6-win32-x86_64\bin\jli.dll
0x00007ff995570000 - 0x00007ff9956ff000 	C:\Windows\System32\USER32.dll
0x00007ff994370000 - 0x00007ff994390000 	C:\Windows\System32\win32u.dll
0x00007ff997890000 - 0x00007ff9978b8000 	C:\Windows\System32\GDI32.dll
0x00007ff9941d0000 - 0x00007ff994363000 	C:\Windows\System32\gdi32full.dll
0x00007ff995200000 - 0x00007ff99529b000 	C:\Windows\System32\msvcp_win.dll
0x00007ff980b00000 - 0x00007ff980b1e000 	c:\Users\Usuario\.vscode\extensions\redhat.java-1.41.0-win32-x64\jre\21.0.6-win32-x86_64\bin\VCRUNTIME140.dll
0x00007ff989a60000 - 0x00007ff989cc9000 	C:\Windows\WinSxS\amd64_microsoft.windows.common-controls_6595b64144ccf1df_6.0.16299.192_none_15c8cdae9364c23b\COMCTL32.dll
0x00007ff995c20000 - 0x00007ff995cbd000 	C:\Windows\System32\msvcrt.dll
0x00007ff995d20000 - 0x00007ff996028000 	C:\Windows\System32\combase.dll
0x00007ff996030000 - 0x00007ff99614f000 	C:\Windows\System32\RPCRT4.dll
0x00007ff994440000 - 0x00007ff9944b2000 	C:\Windows\System32\bcryptPrimitives.dll
0x00007ff997d50000 - 0x00007ff997d7d000 	C:\Windows\System32\IMM32.DLL
0x00007ff9925d0000 - 0x00007ff9925dc000 	c:\Users\Usuario\.vscode\extensions\redhat.java-1.41.0-win32-x64\jre\21.0.6-win32-x86_64\bin\vcruntime140_1.dll
0x00007ff958580000 - 0x00007ff95860d000 	c:\Users\Usuario\.vscode\extensions\redhat.java-1.41.0-win32-x64\jre\21.0.6-win32-x86_64\bin\msvcp140.dll
0x00007ff93cbc0000 - 0x00007ff93d950000 	c:\Users\Usuario\.vscode\extensions\redhat.java-1.41.0-win32-x64\jre\21.0.6-win32-x86_64\bin\server\jvm.dll
0x00007ff9961f0000 - 0x00007ff996291000 	C:\Windows\System32\ADVAPI32.dll
0x00007ff995700000 - 0x00007ff99575b000 	C:\Windows\System32\sechost.dll
0x00007ff994120000 - 0x00007ff99416c000 	C:\Windows\System32\POWRPROF.dll
0x00007ff995300000 - 0x00007ff99536c000 	C:\Windows\System32\WS2_32.dll
0x00007ff9924f0000 - 0x00007ff992513000 	C:\Windows\SYSTEM32\WINMM.dll
0x00007ff97f390000 - 0x00007ff97f39a000 	C:\Windows\SYSTEM32\VERSION.dll
0x00007ff992490000 - 0x00007ff9924ba000 	C:\Windows\SYSTEM32\WINMMBASE.dll
0x00007ff9951b0000 - 0x00007ff9951fa000 	C:\Windows\System32\cfgmgr32.dll
0x00007ff9941b0000 - 0x00007ff9941c1000 	C:\Windows\System32\kernel.appcore.dll
0x00007ff987010000 - 0x00007ff98701a000 	c:\Users\Usuario\.vscode\extensions\redhat.java-1.41.0-win32-x64\jre\21.0.6-win32-x86_64\bin\jimage.dll
0x00007ff9771f0000 - 0x00007ff9773b8000 	C:\Windows\SYSTEM32\DBGHELP.DLL
0x00007ff987020000 - 0x00007ff987049000 	C:\Windows\SYSTEM32\dbgcore.DLL
0x00007ff986bd0000 - 0x00007ff986bdf000 	c:\Users\Usuario\.vscode\extensions\redhat.java-1.41.0-win32-x64\jre\21.0.6-win32-x86_64\bin\instrument.dll
0x00007ff97f1f0000 - 0x00007ff97f20f000 	c:\Users\Usuario\.vscode\extensions\redhat.java-1.41.0-win32-x64\jre\21.0.6-win32-x86_64\bin\java.dll
0x00007ff9962a0000 - 0x00007ff9976d6000 	C:\Windows\System32\SHELL32.dll
0x00007ff9954c0000 - 0x00007ff995566000 	C:\Windows\System32\shcore.dll
0x00007ff994520000 - 0x00007ff994c67000 	C:\Windows\System32\windows.storage.dll
0x00007ff995cc0000 - 0x00007ff995d11000 	C:\Windows\System32\shlwapi.dll
0x00007ff994170000 - 0x00007ff99418b000 	C:\Windows\System32\profapi.dll
0x00007ff97e1f0000 - 0x00007ff97e208000 	c:\Users\Usuario\.vscode\extensions\redhat.java-1.41.0-win32-x64\jre\21.0.6-win32-x86_64\bin\zip.dll
0x00007ff9856a0000 - 0x00007ff9856b0000 	C:\Users\Usuario\.vscode\extensions\redhat.java-1.41.0-win32-x64\jre\21.0.6-win32-x86_64\bin\net.dll
0x00007ff989cd0000 - 0x00007ff989dae000 	C:\Windows\SYSTEM32\WINHTTP.dll
0x00007ff9939b0000 - 0x00007ff993a16000 	C:\Windows\system32\mswsock.dll
0x00007ff97d5a0000 - 0x00007ff97d5b6000 	C:\Users\Usuario\.vscode\extensions\redhat.java-1.41.0-win32-x64\jre\21.0.6-win32-x86_64\bin\nio.dll
0x00007ff984730000 - 0x00007ff984740000 	c:\Users\Usuario\.vscode\extensions\redhat.java-1.41.0-win32-x64\jre\21.0.6-win32-x86_64\bin\verify.dll

dbghelp: loaded successfully - version: 4.0.5 - missing functions: none
symbol engine: initialized successfully - sym options: 0x614 - pdb path: .;c:\Users\Usuario\.vscode\extensions\redhat.java-1.41.0-win32-x64\jre\21.0.6-win32-x86_64\bin;C:\Windows\SYSTEM32;C:\Windows\WinSxS\amd64_microsoft.windows.common-controls_6595b64144ccf1df_6.0.16299.192_none_15c8cdae9364c23b;c:\Users\Usuario\.vscode\extensions\redhat.java-1.41.0-win32-x64\jre\21.0.6-win32-x86_64\bin\server

VM Arguments:
jvm_args: --add-modules=ALL-SYSTEM --add-opens=java.base/java.util=ALL-UNNAMED --add-opens=java.base/java.lang=ALL-UNNAMED --add-opens=java.base/sun.nio.fs=ALL-UNNAMED -Declipse.application=org.eclipse.jdt.ls.core.id1 -Dosgi.bundles.defaultStartLevel=4 -Declipse.product=org.eclipse.jdt.ls.core.product -Djava.import.generatesMetadataFilesAtProjectRoot=false -DDetectVMInstallationsJob.disabled=true -Dfile.encoding=utf8 -XX:+UseParallelGC -XX:GCTimeRatio=4 -XX:AdaptiveSizePolicyWeight=90 -Dsun.zip.disableMemoryMapping=true -Xmx1G -Xms100m -Xlog:disable -javaagent:c:\Users\Usuario\.vscode\extensions\redhat.java-1.41.0-win32-x64\lombok\lombok-1.18.36.jar -XX:+HeapDumpOnOutOfMemoryError -XX:HeapDumpPath=c:\Users\Usuario\AppData\Roaming\Code\User\workspaceStorage\7909a9513652716bd972e05c782d54f9\redhat.java -Daether.dependencyCollector.impl=bf 
java_command: c:\Users\Usuario\.vscode\extensions\redhat.java-1.41.0-win32-x64\server\plugins\org.eclipse.equinox.launcher_1.6.1100.v20250306-0509.jar -configuration c:\Users\Usuario\AppData\Roaming\Code\User\globalStorage\redhat.java\1.41.0\config_win -data c:\Users\Usuario\AppData\Roaming\Code\User\workspaceStorage\7909a9513652716bd972e05c782d54f9\redhat.java\jdt_ws --pipe=\\.\pipe\lsp-3760fafab0d89c2b1d60eed91e007a08-sock
java_class_path (initial): c:\Users\Usuario\.vscode\extensions\redhat.java-1.41.0-win32-x64\server\plugins\org.eclipse.equinox.launcher_1.6.1100.v20250306-0509.jar
Launcher Type: SUN_STANDARD

[Global flags]
    uintx AdaptiveSizePolicyWeight                 = 90                                        {product} {command line}
     intx CICompilerCount                          = 2                                         {product} {ergonomic}
    uintx GCTimeRatio                              = 4                                         {product} {command line}
     bool HeapDumpOnOutOfMemoryError               = true                                   {manageable} {command line}
    ccstr HeapDumpPath                             = c:\Users\Usuario\AppData\Roaming\Code\User\workspaceStorage\7909a9513652716bd972e05c782d54f9\redhat.java         {manageable} {command line}
   size_t InitialHeapSize                          = 104857600                                 {product} {command line}
   size_t MaxHeapSize                              = 1073741824                                {product} {command line}
   size_t MaxNewSize                               = 357564416                                 {product} {ergonomic}
   size_t MinHeapDeltaBytes                        = 524288                                    {product} {ergonomic}
   size_t MinHeapSize                              = 104857600                                 {product} {command line}
   size_t NewSize                                  = 34603008                                  {product} {ergonomic}
    uintx NonNMethodCodeHeapSize                   = 5826188                                {pd product} {ergonomic}
    uintx NonProfiledCodeHeapSize                  = 122916026                              {pd product} {ergonomic}
   size_t OldSize                                  = 70254592                                  {product} {ergonomic}
    uintx ProfiledCodeHeapSize                     = 122916026                              {pd product} {ergonomic}
    uintx ReservedCodeCacheSize                    = 251658240                              {pd product} {ergonomic}
     bool SegmentedCodeCache                       = true                                      {product} {ergonomic}
   size_t SoftMaxHeapSize                          = 1073741824                             {manageable} {ergonomic}
     bool UseCompressedOops                        = true                           {product lp64_product} {ergonomic}
     bool UseLargePagesIndividualAllocation        = false                                  {pd product} {ergonomic}
     bool UseParallelGC                            = true                                      {product} {command line}

Logging:
Log output configuration:
 #0: stdout all=off uptime,level,tags foldmultilines=false
 #1: stderr all=off uptime,level,tags foldmultilines=false

Environment Variables:
JAVA_HOME=C:\Program Files\Java\jdk-21
PATH=C:\Program Files\Common Files\Oracle\Java\javapath;C:\Windows\system32;C:\Windows;C:\Windows\System32\Wbem;C:\Windows\System32\WindowsPowerShell\v1.0\;C:\Program Files\nodejs\;C:\Program Files\Git\cmd;C:\Users\Usuario\AppData\Local\Microsoft\WindowsApps;C:\Users\Usuario\AppData\Local\Programs\Microsoft VS Code\bin;C:\Users\Usuario\AppData\Roaming\npm
USERNAME=Usuario
OS=Windows_NT
PROCESSOR_IDENTIFIER=Intel64 Family 6 Model 42 Stepping 7, GenuineIntel
TMP=C:\Users\Usuario\AppData\Local\Temp
TEMP=C:\Users\Usuario\AppData\Local\Temp




Periodic native trim disabled

---------------  S Y S T E M  ---------------

OS:
 Windows 10 , 64 bit Build 16299 (10.0.16299.15)
OS uptime: 1 days 12:49 hours

CPU: total 2 (initial active 2) (2 cores per cpu, 1 threads per core) family 6 model 42 stepping 7 microcode 0x29, cx8, cmov, fxsr, mmx, sse, sse2, sse3, ssse3, sse4.1, sse4.2, popcnt, tsc, tscinvbit, clmul, clflush, rdtscp
Processor Information for the first 2 processors :
  Max Mhz: 1500, Current Mhz: 1500, Mhz Limit: 1500

Memory: 4k page, system-wide physical 1488M (187M free)
TotalPageFile size 6096M (AvailPageFile size 5M)
current process WorkingSet (physical memory assigned to process): 36M, peak: 39M
current process commit charge ("private bytes"): 174M, peak: 174M

vm_info: OpenJDK 64-Bit Server VM (21.0.6+7-LTS) for windows-amd64 JRE (21.0.6+7-LTS), built on 2025-01-21T00:00:00Z by "admin" with MS VC++ 17.7 (VS2022)

END.
