#
# There is insufficient memory for the Java Runtime Environment to continue.
# Native memory allocation (malloc) failed to allocate 1639296 bytes. Error detail: Chunk::new
# Possible reasons:
#   The system is out of physical RAM or swap space
#   This process is running with CompressedOops enabled, and the Java Heap may be blocking the growth of the native heap
# Possible solutions:
#   Reduce memory load on the system
#   Increase physical memory or swap space
#   Check if swap backing store is full
#   Decrease Java heap size (-Xmx/-Xms)
#   Decrease number of Java threads
#   Decrease Java thread stack sizes (-Xss)
#   Set larger code cache with -XX:ReservedCodeCacheSize=
#   JVM is running with Unscaled Compressed Oops mode in which the Java heap is
#     placed in the first 4GB address space. The Java Heap base address is the
#     maximum limit for the native heap growth. Please use -XX:HeapBaseMinAddress
#     to set the Java Heap base and to place the Java Heap above 4GB virtual address.
# This output file may be truncated or incomplete.
#
#  Out of Memory Error (arena.cpp:168), pid=9560, tid=9856
#
# JRE version: OpenJDK Runtime Environment Temurin-21.0.6+7 (21.0.6+7) (build 21.0.6+7-LTS)
# Java VM: OpenJDK 64-Bit Server VM Temurin-21.0.6+7 (21.0.6+7-LTS, mixed mode, sharing, tiered, compressed oops, compressed class ptrs, parallel gc, windows-amd64)
# No core dump will be written. Minidumps are not enabled by default on client versions of Windows
#

---------------  S U M M A R Y ------------

Command Line: --add-modules=ALL-SYSTEM --add-opens=java.base/java.util=ALL-UNNAMED --add-opens=java.base/java.lang=ALL-UNNAMED --add-opens=java.base/sun.nio.fs=ALL-UNNAMED -Declipse.application=org.eclipse.jdt.ls.core.id1 -Dosgi.bundles.defaultStartLevel=4 -Declipse.product=org.eclipse.jdt.ls.core.product -Djava.import.generatesMetadataFilesAtProjectRoot=false -DDetectVMInstallationsJob.disabled=true -Dfile.encoding=utf8 -XX:+UseParallelGC -XX:GCTimeRatio=4 -XX:AdaptiveSizePolicyWeight=90 -Dsun.zip.disableMemoryMapping=true -Xmx1G -Xms100m -Xlog:disable -javaagent:c:\Users\Usuario\.vscode\extensions\redhat.java-1.41.0-win32-x64\lombok\lombok-1.18.36.jar -XX:+HeapDumpOnOutOfMemoryError -XX:HeapDumpPath=c:\Users\Usuario\AppData\Roaming\Code\User\workspaceStorage\7909a9513652716bd972e05c782d54f9\redhat.java -Daether.dependencyCollector.impl=bf c:\Users\Usuario\.vscode\extensions\redhat.java-1.41.0-win32-x64\server\plugins\org.eclipse.equinox.launcher_1.6.1100.v20250306-0509.jar -configuration c:\Users\Usuario\AppData\Roaming\Code\User\globalStorage\redhat.java\1.41.0\config_win -data c:\Users\Usuario\AppData\Roaming\Code\User\workspaceStorage\7909a9513652716bd972e05c782d54f9\redhat.java\jdt_ws --pipe=\\.\pipe\lsp-2a58350b13c10188955912300ba517e5-sock

Host: Intel(R) Celeron(R) CPU B800 @ 1.50GHz, 2 cores, 1G,  Windows 10 , 64 bit Build 16299 (10.0.16299.15)
Time: Tue Apr  1 23:52:30 2025 Hora oficial do Brasil elapsed time: 93.924751 seconds (0d 0h 1m 33s)

---------------  T H R E A D  ---------------

Current thread (0x000001c34e4dfcb0):  JavaThread "C2 CompilerThread0" daemon [_thread_in_native, id=9856, stack(0x0000003023400000,0x0000003023500000) (1024K)]


Current CompileTask:
C2:93925 8276   !   4       org.eclipse.jdt.internal.compiler.classfmt.ClassFileReader::<init> (2135 bytes)

Stack: [0x0000003023400000,0x0000003023500000]
Native frames: (J=compiled Java code, j=interpreted, Vv=VM code, C=native code)
V  [jvm.dll+0x6cdee9]
V  [jvm.dll+0x8a83d1]
V  [jvm.dll+0x8aa8fe]
V  [jvm.dll+0x8aafe3]
V  [jvm.dll+0x27f706]
V  [jvm.dll+0xc500d]
V  [jvm.dll+0xc5543]
V  [jvm.dll+0x2f2acd]
V  [jvm.dll+0x5f6a2a]
V  [jvm.dll+0x250bb2]
V  [jvm.dll+0x250f6f]
V  [jvm.dll+0x249834]
V  [jvm.dll+0x246ec4]
V  [jvm.dll+0x1c75ee]
V  [jvm.dll+0x25685a]
V  [jvm.dll+0x254dfa]
V  [jvm.dll+0x3f0256]
V  [jvm.dll+0x851f8b]
V  [jvm.dll+0x6cc5ed]
C  [ucrtbase.dll+0x1d885]
C  [KERNEL32.DLL+0x11fe4]
C  [ntdll.dll+0x6efb1]


---------------  P R O C E S S  ---------------

Threads class SMR info:
_java_thread_list=0x000001c394a93780, length=34, elements={
0x000001c337e82dd0, 0x000001c34e4d4fc0, 0x000001c34e4d6b40, 0x000001c34e4d9a50,
0x000001c34e4dc870, 0x000001c34e4de430, 0x000001c34e4dee80, 0x000001c34e4dfcb0,
0x000001c34e550f20, 0x000001c34e5d3310, 0x000001c394218ae0, 0x000001c394738bd0,
0x000001c394371ee0, 0x000001c39436fcf0, 0x000001c394370350, 0x000001c394bfe740,
0x000001c394f622e0, 0x000001c34e574740, 0x000001c34e572d00, 0x000001c34e571fe0,
0x000001c34e5740b0, 0x000001c34e572670, 0x000001c34e574dd0, 0x000001c34e573390,
0x000001c396554080, 0x000001c39655a980, 0x000001c39655b6a0, 0x000001c396557b90,
0x000001c396555ac0, 0x000001c396555430, 0x000001c396558f40, 0x000001c396556e70,
0x000001c396556150, 0x000001c396554da0
}

Java Threads: ( => current thread )
  0x000001c337e82dd0 JavaThread "main"                              [_thread_blocked, id=9512, stack(0x0000003022a00000,0x0000003022b00000) (1024K)]
  0x000001c34e4d4fc0 JavaThread "Reference Handler"          daemon [_thread_blocked, id=9820, stack(0x0000003022e00000,0x0000003022f00000) (1024K)]
  0x000001c34e4d6b40 JavaThread "Finalizer"                  daemon [_thread_blocked, id=9812, stack(0x0000003022f00000,0x0000003023000000) (1024K)]
  0x000001c34e4d9a50 JavaThread "Signal Dispatcher"          daemon [_thread_blocked, id=9804, stack(0x0000003023000000,0x0000003023100000) (1024K)]
  0x000001c34e4dc870 JavaThread "Attach Listener"            daemon [_thread_blocked, id=1568, stack(0x0000003023100000,0x0000003023200000) (1024K)]
  0x000001c34e4de430 JavaThread "Service Thread"             daemon [_thread_blocked, id=6292, stack(0x0000003023200000,0x0000003023300000) (1024K)]
  0x000001c34e4dee80 JavaThread "Monitor Deflation Thread"   daemon [_thread_blocked, id=9796, stack(0x0000003023300000,0x0000003023400000) (1024K)]
=>0x000001c34e4dfcb0 JavaThread "C2 CompilerThread0"         daemon [_thread_in_native, id=9856, stack(0x0000003023400000,0x0000003023500000) (1024K)]
  0x000001c34e550f20 JavaThread "C1 CompilerThread0"         daemon [_thread_blocked, id=9876, stack(0x0000003023500000,0x0000003023600000) (1024K)]
  0x000001c34e5d3310 JavaThread "Common-Cleaner"             daemon [_thread_blocked, id=9868, stack(0x0000003023600000,0x0000003023700000) (1024K)]
  0x000001c394218ae0 JavaThread "Notification Thread"        daemon [_thread_blocked, id=10052, stack(0x0000003023700000,0x0000003023800000) (1024K)]
  0x000001c394738bd0 JavaThread "Active Thread: Equinox Container: 571e62a2-3443-4da9-a0ae-50c0dc48e157"        [_thread_blocked, id=9656, stack(0x0000003023900000,0x0000003023a00000) (1024K)]
  0x000001c394371ee0 JavaThread "Refresh Thread: Equinox Container: 571e62a2-3443-4da9-a0ae-50c0dc48e157" daemon [_thread_blocked, id=10232, stack(0x0000003023a00000,0x0000003023b00000) (1024K)]
  0x000001c39436fcf0 JavaThread "Framework Event Dispatcher: Equinox Container: 571e62a2-3443-4da9-a0ae-50c0dc48e157" daemon [_thread_blocked, id=540, stack(0x0000003023b00000,0x0000003023c00000) (1024K)]
  0x000001c394370350 JavaThread "Start Level: Equinox Container: 571e62a2-3443-4da9-a0ae-50c0dc48e157" daemon [_thread_blocked, id=10156, stack(0x0000003023c00000,0x0000003023d00000) (1024K)]
  0x000001c394bfe740 JavaThread "Bundle File Closer"         daemon [_thread_blocked, id=9764, stack(0x0000003023d00000,0x0000003023e00000) (1024K)]
  0x000001c394f622e0 JavaThread "SCR Component Actor"        daemon [_thread_blocked, id=9424, stack(0x0000003023e00000,0x0000003023f00000) (1024K)]
  0x000001c34e574740 JavaThread "Worker-JM"                         [_thread_blocked, id=1840, stack(0x0000003024000000,0x0000003024100000) (1024K)]
  0x000001c34e572d00 JavaThread "JNA Cleaner"                daemon [_thread_blocked, id=9652, stack(0x0000003024100000,0x0000003024200000) (1024K)]
  0x000001c34e571fe0 JavaThread "Worker-0"                          [_thread_blocked, id=9984, stack(0x0000003024200000,0x0000003024300000) (1024K)]
  0x000001c34e5740b0 JavaThread "Worker-1"                          [_thread_blocked, id=9904, stack(0x0000003024300000,0x0000003024400000) (1024K)]
  0x000001c34e572670 JavaThread "Worker-2: Building"                [_thread_blocked, id=9620, stack(0x0000003024400000,0x0000003024500000) (1024K)]
  0x000001c34e574dd0 JavaThread "Worker-3"                          [_thread_blocked, id=9580, stack(0x0000003024500000,0x0000003024600000) (1024K)]
  0x000001c34e573390 JavaThread "Java indexing"              daemon [_thread_in_Java, id=8704, stack(0x0000003024600000,0x0000003024700000) (1024K)]
  0x000001c396554080 JavaThread "Worker-4"                          [_thread_blocked, id=9784, stack(0x0000003024700000,0x0000003024800000) (1024K)]
  0x000001c39655a980 JavaThread "Worker-5: Java indexing... "        [_thread_blocked, id=9584, stack(0x0000003024800000,0x0000003024900000) (1024K)]
  0x000001c39655b6a0 JavaThread "Thread-2"                   daemon [_thread_in_native, id=9420, stack(0x0000003024900000,0x0000003024a00000) (1024K)]
  0x000001c396557b90 JavaThread "Thread-3"                   daemon [_thread_in_native, id=10056, stack(0x0000003024a00000,0x0000003024b00000) (1024K)]
  0x000001c396555ac0 JavaThread "Thread-4"                   daemon [_thread_in_native, id=9472, stack(0x0000003024b00000,0x0000003024c00000) (1024K)]
  0x000001c396555430 JavaThread "pool-2-thread-1"                   [_thread_blocked, id=4512, stack(0x0000003024c00000,0x0000003024d00000) (1024K)]
  0x000001c396558f40 JavaThread "WorkspaceEventsHandler"            [_thread_blocked, id=9016, stack(0x0000003024d00000,0x0000003024e00000) (1024K)]
  0x000001c396556e70 JavaThread "pool-1-thread-1"                   [_thread_blocked, id=10032, stack(0x0000003024e00000,0x0000003024f00000) (1024K)]
  0x000001c396556150 JavaThread "Compiler Processing Task"   daemon [_thread_blocked, id=9632, stack(0x0000003025200000,0x0000003025300000) (1024K)]
  0x000001c396554da0 JavaThread "Compiler Class File Writer" daemon [_thread_blocked, id=9188, stack(0x0000003025500000,0x0000003025600000) (1024K)]
Total: 34

Other Threads:
  0x000001c33a2aeba0 VMThread "VM Thread"                           [id=9832, stack(0x0000003022d00000,0x0000003022e00000) (1024K)] _threads_hazard_ptr=0x000001c394a93780
  0x000001c34e4cc9d0 WatcherThread "VM Periodic Task Thread"        [id=9616, stack(0x0000003022c00000,0x0000003022d00000) (1024K)]
  0x000001c33a20d960 WorkerThread "GC Thread#0"                     [id=9808, stack(0x0000003022b00000,0x0000003022c00000) (1024K)]
  0x000001c3944501e0 WorkerThread "GC Thread#1"                     [id=9756, stack(0x0000003023800000,0x0000003023900000) (1024K)]
Total: 4

Threads with active compile tasks:
C2 CompilerThread0  94009 8276   !   4       org.eclipse.jdt.internal.compiler.classfmt.ClassFileReader::<init> (2135 bytes)
C1 CompilerThread0  94009 8293       3       org.eclipse.jdt.internal.compiler.lookup.SortedCompoundNameVector::add (84 bytes)
Total: 2

VM state: synchronizing (normal execution)

VM Mutex/Monitor currently owned by a thread:  ([mutex/lock_event])
[0x00007ff93d86e380] Threads_lock - owner thread: 0x000001c33a2aeba0

Heap address: 0x00000000c0000000, size: 1024 MB, Compressed Oops mode: 32-bit

CDS archive(s) mapped at: [0x000001c34f000000-0x000001c34fba0000-0x000001c34fba0000), size 12189696, SharedBaseAddress: 0x000001c34f000000, ArchiveRelocationMode: 1.
Compressed class space mapped at: 0x000001c350000000-0x000001c390000000, reserved size: 1073741824
Narrow klass base: 0x000001c34f000000, Narrow klass shift: 0, Narrow klass range: 0x100000000

GC Precious Log:
 CardTable entry size: 512
 CPUs: 2 total, 2 available
 Memory: 1488M
 Large Page Support: Disabled
 NUMA Support: Disabled
 Compressed Oops: Enabled (32-bit)
 Alignments: Space 512K, Generation 512K, Heap 2M
 Heap Min Capacity: 100M
 Heap Initial Capacity: 100M
 Heap Max Capacity: 1G
 Pre-touch: Disabled
 Parallel Workers: 2

Heap:
 PSYoungGen      total 19456K, used 13047K [0x00000000eab00000, 0x00000000ebf80000, 0x0000000100000000)
  eden space 18944K, 68% used [0x00000000eab00000,0x00000000eb7bdf78,0x00000000ebd80000)
  from space 512K, 0% used [0x00000000ebf00000,0x00000000ebf00000,0x00000000ebf80000)
  to   space 1024K, 0% used [0x00000000ebd80000,0x00000000ebd80000,0x00000000ebe80000)
 ParOldGen       total 68608K, used 40156K [0x00000000c0000000, 0x00000000c4300000, 0x00000000eab00000)
  object space 68608K, 58% used [0x00000000c0000000,0x00000000c2737210,0x00000000c4300000)
 Metaspace       used 60050K, committed 61248K, reserved 1114112K
  class space    used 6300K, committed 6848K, reserved 1048576K

Card table byte_map: [0x000001c339ba0000,0x000001c339db0000] _byte_map_base: 0x000001c3395a0000

Marking Bits: (ParMarkBitMap*) 0x00007ff93d873260
 Begin Bits: [0x000001c34c3f0000, 0x000001c34d3f0000)
 End Bits:   [0x000001c34d3f0000, 0x000001c34e3f0000)

Polling page: 0x000001c338050000

Metaspace:

Usage:
  Non-class:     52.49 MB used.
      Class:      6.15 MB used.
       Both:     58.64 MB used.

Virtual space:
  Non-class space:       64.00 MB reserved,      53.13 MB ( 83%) committed,  1 nodes.
      Class space:        1.00 GB reserved,       6.69 MB ( <1%) committed,  1 nodes.
             Both:        1.06 GB reserved,      59.81 MB (  5%) committed. 

Chunk freelists:
   Non-Class:  10.32 MB
       Class:  9.21 MB
        Both:  19.54 MB

MaxMetaspaceSize: unlimited
CompressedClassSpaceSize: 1.00 GB
Initial GC threshold: 21.00 MB
Current GC threshold: 97.31 MB
CDS: on
 - commit_granule_bytes: 65536.
 - commit_granule_words: 8192.
 - virtual_space_node_default_size: 8388608.
 - enlarge_chunks_in_place: 1.
 - use_allocation_guard: 0.


Internal statistics:

num_allocs_failed_limit: 9.
num_arena_births: 926.
num_arena_deaths: 16.
num_vsnodes_births: 2.
num_vsnodes_deaths: 0.
num_space_committed: 957.
num_space_uncommitted: 0.
num_chunks_returned_to_freelist: 26.
num_chunks_taken_from_freelist: 3425.
num_chunk_merges: 15.
num_chunk_splits: 2147.
num_chunks_enlarged: 1294.
num_inconsistent_stats: 0.

CodeHeap 'non-profiled nmethods': size=120064Kb used=4306Kb max_used=4319Kb free=115757Kb
 bounds [0x000001c344eb0000, 0x000001c345300000, 0x000001c34c3f0000]
CodeHeap 'profiled nmethods': size=120000Kb used=16298Kb max_used=16578Kb free=103701Kb
 bounds [0x000001c33d3f0000, 0x000001c33e430000, 0x000001c344920000]
CodeHeap 'non-nmethods': size=5696Kb used=1444Kb max_used=1493Kb free=4251Kb
 bounds [0x000001c344920000, 0x000001c344b90000, 0x000001c344eb0000]
 total_blobs=8231 nmethods=7469 adapters=669
 compilation: enabled
              stopped_count=0, restarted_count=0
 full_count=0

Compilation events (20 events):
Event: 93.263 Thread 0x000001c34e550f20 nmethod 8267 0x000001c33dcda010 code [0x000001c33dcda280, 0x000001c33dcdaf38]
Event: 93.265 Thread 0x000001c34e550f20 8268       3       org.eclipse.jdt.internal.compiler.lookup.MethodBinding::isStatic (14 bytes)
Event: 93.266 Thread 0x000001c34e550f20 nmethod 8268 0x000001c33de44910 code [0x000001c33de44ac0, 0x000001c33de44c38]
Event: 93.267 Thread 0x000001c34e550f20 8269       3       org.eclipse.jdt.internal.compiler.codegen.ConstantPool::literalIndex (400 bytes)
Event: 93.272 Thread 0x000001c34e550f20 nmethod 8269 0x000001c33d814c90 code [0x000001c33d815060, 0x000001c33d816d18]
Event: 93.272 Thread 0x000001c34e550f20 8270       3       org.eclipse.jdt.internal.compiler.codegen.CharArrayCache::put (103 bytes)
Event: 93.273 Thread 0x000001c34e550f20 nmethod 8270 0x000001c33d814110 code [0x000001c33d814320, 0x000001c33d814940]
Event: 93.276 Thread 0x000001c34e4dfcb0 8271       4       java.util.stream.StreamSpliterators$AbstractWrappingSpliterator::fillBuffer (64 bytes)
Event: 93.293 Thread 0x000001c34e4dfcb0 nmethod 8271 0x000001c3450d6e90 code [0x000001c3450d70c0, 0x000001c3450d7600]
Event: 93.311 Thread 0x000001c34e550f20 8272       3       org.eclipse.jdt.internal.compiler.parser.Parser::pushOnTypeAnnotationLengthStack (53 bytes)
Event: 93.312 Thread 0x000001c34e550f20 nmethod 8272 0x000001c33de44210 code [0x000001c33de443c0, 0x000001c33de446a0]
Event: 93.324 Thread 0x000001c34e550f20 8273       3       org.eclipse.jdt.internal.compiler.ast.Expression::<init> (10 bytes)
Event: 93.325 Thread 0x000001c34e550f20 nmethod 8273 0x000001c33d813c10 code [0x000001c33d813dc0, 0x000001c33d813ff0]
Event: 93.394 Thread 0x000001c34e550f20 8274       3       java.lang.StringConcatHelper::prepend (22 bytes)
Event: 93.395 Thread 0x000001c34e550f20 nmethod 8274 0x000001c33d813610 code [0x000001c33d8137c0, 0x000001c33d813958]
Event: 93.395 Thread 0x000001c34e550f20 8275       3       java.lang.StringConcatHelper::prepend (38 bytes)
Event: 93.395 Thread 0x000001c34e4dfcb0 8276   !   4       org.eclipse.jdt.internal.compiler.classfmt.ClassFileReader::<init> (2135 bytes)
Event: 93.395 Thread 0x000001c34e550f20 nmethod 8275 0x000001c33dcd9b90 code [0x000001c33dcd9d40, 0x000001c33dcd9ed8]
Event: 93.817 Thread 0x000001c34e550f20 8278       3       com.google.gson.stream.JsonWriter::string (169 bytes)
Event: 93.819 Thread 0x000001c34e550f20 nmethod 8278 0x000001c33d9abc90 code [0x000001c33d9abf40, 0x000001c33d9acd70]

GC Heap History (20 events):
Event: 70.058 GC heap before
{Heap before GC invocations=26 (full 2):
 PSYoungGen      total 21504K, used 21316K [0x00000000eab00000, 0x00000000ec200000, 0x0000000100000000)
  eden space 19456K, 100% used [0x00000000eab00000,0x00000000ebe00000,0x00000000ebe00000)
  from space 2048K, 90% used [0x00000000ebe00000,0x00000000ebfd1000,0x00000000ec000000)
  to   space 2048K, 0% used [0x00000000ec000000,0x00000000ec000000,0x00000000ec200000)
 ParOldGen       total 68608K, used 34450K [0x00000000c0000000, 0x00000000c4300000, 0x00000000eab00000)
  object space 68608K, 50% used [0x00000000c0000000,0x00000000c21a48c0,0x00000000c4300000)
 Metaspace       used 50656K, committed 51840K, reserved 1114112K
  class space    used 5383K, committed 5952K, reserved 1048576K
}
Event: 70.069 GC heap after
{Heap after GC invocations=26 (full 2):
 PSYoungGen      total 21504K, used 1856K [0x00000000eab00000, 0x00000000ec200000, 0x0000000100000000)
  eden space 19456K, 0% used [0x00000000eab00000,0x00000000eab00000,0x00000000ebe00000)
  from space 2048K, 90% used [0x00000000ec000000,0x00000000ec1d0010,0x00000000ec200000)
  to   space 2048K, 0% used [0x00000000ebe00000,0x00000000ebe00000,0x00000000ec000000)
 ParOldGen       total 68608K, used 36250K [0x00000000c0000000, 0x00000000c4300000, 0x00000000eab00000)
  object space 68608K, 52% used [0x00000000c0000000,0x00000000c23669c0,0x00000000c4300000)
 Metaspace       used 50656K, committed 51840K, reserved 1114112K
  class space    used 5383K, committed 5952K, reserved 1048576K
}
Event: 70.341 GC heap before
{Heap before GC invocations=27 (full 2):
 PSYoungGen      total 21504K, used 21312K [0x00000000eab00000, 0x00000000ec200000, 0x0000000100000000)
  eden space 19456K, 100% used [0x00000000eab00000,0x00000000ebe00000,0x00000000ebe00000)
  from space 2048K, 90% used [0x00000000ec000000,0x00000000ec1d0010,0x00000000ec200000)
  to   space 2048K, 0% used [0x00000000ebe00000,0x00000000ebe00000,0x00000000ec000000)
 ParOldGen       total 68608K, used 36250K [0x00000000c0000000, 0x00000000c4300000, 0x00000000eab00000)
  object space 68608K, 52% used [0x00000000c0000000,0x00000000c23669c0,0x00000000c4300000)
 Metaspace       used 50682K, committed 51840K, reserved 1114112K
  class space    used 5383K, committed 5952K, reserved 1048576K
}
Event: 70.357 GC heap after
{Heap after GC invocations=27 (full 2):
 PSYoungGen      total 21504K, used 1600K [0x00000000eab00000, 0x00000000ec200000, 0x0000000100000000)
  eden space 19456K, 0% used [0x00000000eab00000,0x00000000eab00000,0x00000000ebe00000)
  from space 2048K, 78% used [0x00000000ebe00000,0x00000000ebf90000,0x00000000ec000000)
  to   space 2048K, 0% used [0x00000000ec000000,0x00000000ec000000,0x00000000ec200000)
 ParOldGen       total 68608K, used 38098K [0x00000000c0000000, 0x00000000c4300000, 0x00000000eab00000)
  object space 68608K, 55% used [0x00000000c0000000,0x00000000c25349d0,0x00000000c4300000)
 Metaspace       used 50682K, committed 51840K, reserved 1114112K
  class space    used 5383K, committed 5952K, reserved 1048576K
}
Event: 71.852 GC heap before
{Heap before GC invocations=28 (full 2):
 PSYoungGen      total 21504K, used 21055K [0x00000000eab00000, 0x00000000ec200000, 0x0000000100000000)
  eden space 19456K, 99% used [0x00000000eab00000,0x00000000ebdfffc0,0x00000000ebe00000)
  from space 2048K, 78% used [0x00000000ebe00000,0x00000000ebf90000,0x00000000ec000000)
  to   space 2048K, 0% used [0x00000000ec000000,0x00000000ec000000,0x00000000ec200000)
 ParOldGen       total 68608K, used 38098K [0x00000000c0000000, 0x00000000c4300000, 0x00000000eab00000)
  object space 68608K, 55% used [0x00000000c0000000,0x00000000c25349d0,0x00000000c4300000)
 Metaspace       used 51993K, committed 53184K, reserved 1114112K
  class space    used 5515K, committed 6080K, reserved 1048576K
}
Event: 71.866 GC heap after
{Heap after GC invocations=28 (full 2):
 PSYoungGen      total 21504K, used 1976K [0x00000000eab00000, 0x00000000ec200000, 0x0000000100000000)
  eden space 19456K, 0% used [0x00000000eab00000,0x00000000eab00000,0x00000000ebe00000)
  from space 2048K, 96% used [0x00000000ec000000,0x00000000ec1ee020,0x00000000ec200000)
  to   space 2048K, 0% used [0x00000000ebe00000,0x00000000ebe00000,0x00000000ec000000)
 ParOldGen       total 68608K, used 39674K [0x00000000c0000000, 0x00000000c4300000, 0x00000000eab00000)
  object space 68608K, 57% used [0x00000000c0000000,0x00000000c26bebd0,0x00000000c4300000)
 Metaspace       used 51993K, committed 53184K, reserved 1114112K
  class space    used 5515K, committed 6080K, reserved 1048576K
}
Event: 76.105 GC heap before
{Heap before GC invocations=29 (full 2):
 PSYoungGen      total 21504K, used 21432K [0x00000000eab00000, 0x00000000ec200000, 0x0000000100000000)
  eden space 19456K, 100% used [0x00000000eab00000,0x00000000ebe00000,0x00000000ebe00000)
  from space 2048K, 96% used [0x00000000ec000000,0x00000000ec1ee020,0x00000000ec200000)
  to   space 2048K, 0% used [0x00000000ebe00000,0x00000000ebe00000,0x00000000ec000000)
 ParOldGen       total 68608K, used 39674K [0x00000000c0000000, 0x00000000c4300000, 0x00000000eab00000)
  object space 68608K, 57% used [0x00000000c0000000,0x00000000c26bebd0,0x00000000c4300000)
 Metaspace       used 54665K, committed 55872K, reserved 1114112K
  class space    used 5783K, committed 6336K, reserved 1048576K
}
Event: 76.151 GC heap after
{Heap after GC invocations=29 (full 2):
 PSYoungGen      total 20992K, used 1028K [0x00000000eab00000, 0x00000000ec100000, 0x0000000100000000)
  eden space 19456K, 0% used [0x00000000eab00000,0x00000000eab00000,0x00000000ebe00000)
  from space 1536K, 66% used [0x00000000ebe00000,0x00000000ebf013d8,0x00000000ebf80000)
  to   space 1536K, 0% used [0x00000000ebf80000,0x00000000ebf80000,0x00000000ec100000)
 ParOldGen       total 68608K, used 41535K [0x00000000c0000000, 0x00000000c4300000, 0x00000000eab00000)
  object space 68608K, 60% used [0x00000000c0000000,0x00000000c288fd08,0x00000000c4300000)
 Metaspace       used 54665K, committed 55872K, reserved 1114112K
  class space    used 5783K, committed 6336K, reserved 1048576K
}
Event: 80.566 GC heap before
{Heap before GC invocations=30 (full 2):
 PSYoungGen      total 20992K, used 20434K [0x00000000eab00000, 0x00000000ec100000, 0x0000000100000000)
  eden space 19456K, 99% used [0x00000000eab00000,0x00000000ebdf3598,0x00000000ebe00000)
  from space 1536K, 66% used [0x00000000ebe00000,0x00000000ebf013d8,0x00000000ebf80000)
  to   space 1536K, 0% used [0x00000000ebf80000,0x00000000ebf80000,0x00000000ec100000)
 ParOldGen       total 68608K, used 41535K [0x00000000c0000000, 0x00000000c4300000, 0x00000000eab00000)
  object space 68608K, 60% used [0x00000000c0000000,0x00000000c288fd08,0x00000000c4300000)
 Metaspace       used 55654K, committed 56896K, reserved 1114112K
  class space    used 5912K, committed 6464K, reserved 1048576K
}
Event: 80.587 GC heap after
{Heap after GC invocations=30 (full 2):
 PSYoungGen      total 20480K, used 558K [0x00000000eab00000, 0x00000000ec080000, 0x0000000100000000)
  eden space 19456K, 0% used [0x00000000eab00000,0x00000000eab00000,0x00000000ebe00000)
  from space 1024K, 54% used [0x00000000ebf80000,0x00000000ec00b8a8,0x00000000ec080000)
  to   space 1024K, 0% used [0x00000000ebe80000,0x00000000ebe80000,0x00000000ebf80000)
 ParOldGen       total 68608K, used 42495K [0x00000000c0000000, 0x00000000c4300000, 0x00000000eab00000)
  object space 68608K, 61% used [0x00000000c0000000,0x00000000c297fc78,0x00000000c4300000)
 Metaspace       used 55654K, committed 56896K, reserved 1114112K
  class space    used 5912K, committed 6464K, reserved 1048576K
}
Event: 84.623 GC heap before
{Heap before GC invocations=31 (full 2):
 PSYoungGen      total 20480K, used 20014K [0x00000000eab00000, 0x00000000ec080000, 0x0000000100000000)
  eden space 19456K, 100% used [0x00000000eab00000,0x00000000ebe00000,0x00000000ebe00000)
  from space 1024K, 54% used [0x00000000ebf80000,0x00000000ec00b8a8,0x00000000ec080000)
  to   space 1024K, 0% used [0x00000000ebe80000,0x00000000ebe80000,0x00000000ebf80000)
 ParOldGen       total 68608K, used 42495K [0x00000000c0000000, 0x00000000c4300000, 0x00000000eab00000)
  object space 68608K, 61% used [0x00000000c0000000,0x00000000c297fc78,0x00000000c4300000)
 Metaspace       used 57517K, committed 58688K, reserved 1114112K
  class space    used 6070K, committed 6592K, reserved 1048576K
}
Event: 84.682 GC heap after
{Heap after GC invocations=31 (full 2):
 PSYoungGen      total 20480K, used 983K [0x00000000eab00000, 0x00000000ec100000, 0x0000000100000000)
  eden space 19456K, 0% used [0x00000000eab00000,0x00000000eab00000,0x00000000ebe00000)
  from space 1024K, 96% used [0x00000000ebe80000,0x00000000ebf75f08,0x00000000ebf80000)
  to   space 1536K, 0% used [0x00000000ebf80000,0x00000000ebf80000,0x00000000ec100000)
 ParOldGen       total 68608K, used 42991K [0x00000000c0000000, 0x00000000c4300000, 0x00000000eab00000)
  object space 68608K, 62% used [0x00000000c0000000,0x00000000c29fbd80,0x00000000c4300000)
 Metaspace       used 57517K, committed 58688K, reserved 1114112K
  class space    used 6070K, committed 6592K, reserved 1048576K
}
Event: 85.497 GC heap before
{Heap before GC invocations=32 (full 2):
 PSYoungGen      total 20480K, used 20439K [0x00000000eab00000, 0x00000000ec100000, 0x0000000100000000)
  eden space 19456K, 100% used [0x00000000eab00000,0x00000000ebe00000,0x00000000ebe00000)
  from space 1024K, 96% used [0x00000000ebe80000,0x00000000ebf75f08,0x00000000ebf80000)
  to   space 1536K, 0% used [0x00000000ebf80000,0x00000000ebf80000,0x00000000ec100000)
 ParOldGen       total 68608K, used 42991K [0x00000000c0000000, 0x00000000c4300000, 0x00000000eab00000)
  object space 68608K, 62% used [0x00000000c0000000,0x00000000c29fbd80,0x00000000c4300000)
 Metaspace       used 57833K, committed 59072K, reserved 1114112K
  class space    used 6089K, committed 6656K, reserved 1048576K
}
Event: 85.512 GC heap after
{Heap after GC invocations=32 (full 2):
 PSYoungGen      total 20480K, used 1514K [0x00000000eab00000, 0x00000000ec200000, 0x0000000100000000)
  eden space 18944K, 0% used [0x00000000eab00000,0x00000000eab00000,0x00000000ebd80000)
  from space 1536K, 98% used [0x00000000ebf80000,0x00000000ec0fa990,0x00000000ec100000)
  to   space 2048K, 0% used [0x00000000ebd80000,0x00000000ebd80000,0x00000000ebf80000)
 ParOldGen       total 68608K, used 44084K [0x00000000c0000000, 0x00000000c4300000, 0x00000000eab00000)
  object space 68608K, 64% used [0x00000000c0000000,0x00000000c2b0d1d8,0x00000000c4300000)
 Metaspace       used 57833K, committed 59072K, reserved 1114112K
  class space    used 6089K, committed 6656K, reserved 1048576K
}
Event: 86.915 GC heap before
{Heap before GC invocations=33 (full 2):
 PSYoungGen      total 20480K, used 20351K [0x00000000eab00000, 0x00000000ec200000, 0x0000000100000000)
  eden space 18944K, 99% used [0x00000000eab00000,0x00000000ebd65648,0x00000000ebd80000)
  from space 1536K, 98% used [0x00000000ebf80000,0x00000000ec0fa990,0x00000000ec100000)
  to   space 2048K, 0% used [0x00000000ebd80000,0x00000000ebd80000,0x00000000ebf80000)
 ParOldGen       total 68608K, used 44084K [0x00000000c0000000, 0x00000000c4300000, 0x00000000eab00000)
  object space 68608K, 64% used [0x00000000c0000000,0x00000000c2b0d1d8,0x00000000c4300000)
 Metaspace       used 57843K, committed 59072K, reserved 1114112K
  class space    used 6089K, committed 6656K, reserved 1048576K
}
Event: 86.925 GC heap after
{Heap after GC invocations=33 (full 2):
 PSYoungGen      total 20480K, used 1088K [0x00000000eab00000, 0x00000000ec080000, 0x0000000100000000)
  eden space 18944K, 0% used [0x00000000eab00000,0x00000000eab00000,0x00000000ebd80000)
  from space 1536K, 70% used [0x00000000ebd80000,0x00000000ebe90240,0x00000000ebf00000)
  to   space 1536K, 0% used [0x00000000ebf00000,0x00000000ebf00000,0x00000000ec080000)
 ParOldGen       total 68608K, used 44837K [0x00000000c0000000, 0x00000000c4300000, 0x00000000eab00000)
  object space 68608K, 65% used [0x00000000c0000000,0x00000000c2bc9730,0x00000000c4300000)
 Metaspace       used 57843K, committed 59072K, reserved 1114112K
  class space    used 6089K, committed 6656K, reserved 1048576K
}
Event: 88.298 GC heap before
{Heap before GC invocations=34 (full 2):
 PSYoungGen      total 20480K, used 5322K [0x00000000eab00000, 0x00000000ec080000, 0x0000000100000000)
  eden space 18944K, 22% used [0x00000000eab00000,0x00000000eaf22868,0x00000000ebd80000)
  from space 1536K, 70% used [0x00000000ebd80000,0x00000000ebe90240,0x00000000ebf00000)
  to   space 1536K, 0% used [0x00000000ebf00000,0x00000000ebf00000,0x00000000ec080000)
 ParOldGen       total 68608K, used 44837K [0x00000000c0000000, 0x00000000c4300000, 0x00000000eab00000)
  object space 68608K, 65% used [0x00000000c0000000,0x00000000c2bc9730,0x00000000c4300000)
 Metaspace       used 58590K, committed 59776K, reserved 1114112K
  class space    used 6156K, committed 6720K, reserved 1048576K
}
Event: 88.301 GC heap after
{Heap after GC invocations=34 (full 2):
 PSYoungGen      total 19456K, used 219K [0x00000000eab00000, 0x00000000ebf80000, 0x0000000100000000)
  eden space 18944K, 0% used [0x00000000eab00000,0x00000000eab00000,0x00000000ebd80000)
  from space 512K, 42% used [0x00000000ebf00000,0x00000000ebf36c08,0x00000000ebf80000)
  to   space 1024K, 0% used [0x00000000ebd80000,0x00000000ebd80000,0x00000000ebe80000)
 ParOldGen       total 68608K, used 44924K [0x00000000c0000000, 0x00000000c4300000, 0x00000000eab00000)
  object space 68608K, 65% used [0x00000000c0000000,0x00000000c2bdf148,0x00000000c4300000)
 Metaspace       used 58590K, committed 59776K, reserved 1114112K
  class space    used 6156K, committed 6720K, reserved 1048576K
}
Event: 88.301 GC heap before
{Heap before GC invocations=35 (full 3):
 PSYoungGen      total 19456K, used 219K [0x00000000eab00000, 0x00000000ebf80000, 0x0000000100000000)
  eden space 18944K, 0% used [0x00000000eab00000,0x00000000eab00000,0x00000000ebd80000)
  from space 512K, 42% used [0x00000000ebf00000,0x00000000ebf36c08,0x00000000ebf80000)
  to   space 1024K, 0% used [0x00000000ebd80000,0x00000000ebd80000,0x00000000ebe80000)
 ParOldGen       total 68608K, used 44924K [0x00000000c0000000, 0x00000000c4300000, 0x00000000eab00000)
  object space 68608K, 65% used [0x00000000c0000000,0x00000000c2bdf148,0x00000000c4300000)
 Metaspace       used 58590K, committed 59776K, reserved 1114112K
  class space    used 6156K, committed 6720K, reserved 1048576K
}
Event: 89.896 GC heap after
{Heap after GC invocations=35 (full 3):
 PSYoungGen      total 19456K, used 0K [0x00000000eab00000, 0x00000000ebf80000, 0x0000000100000000)
  eden space 18944K, 0% used [0x00000000eab00000,0x00000000eab00000,0x00000000ebd80000)
  from space 512K, 0% used [0x00000000ebf00000,0x00000000ebf00000,0x00000000ebf80000)
  to   space 1024K, 0% used [0x00000000ebd80000,0x00000000ebd80000,0x00000000ebe80000)
 ParOldGen       total 68608K, used 40156K [0x00000000c0000000, 0x00000000c4300000, 0x00000000eab00000)
  object space 68608K, 58% used [0x00000000c0000000,0x00000000c2737210,0x00000000c4300000)
 Metaspace       used 58590K, committed 59776K, reserved 1114112K
  class space    used 6156K, committed 6720K, reserved 1048576K
}

Dll operation events (12 events):
Event: 0.343 Loaded shared library c:\Users\Usuario\.vscode\extensions\redhat.java-1.41.0-win32-x64\jre\21.0.6-win32-x86_64\bin\java.dll
Event: 1.413 Loaded shared library c:\Users\Usuario\.vscode\extensions\redhat.java-1.41.0-win32-x64\jre\21.0.6-win32-x86_64\bin\zip.dll
Event: 1.683 Loaded shared library C:\Users\Usuario\.vscode\extensions\redhat.java-1.41.0-win32-x64\jre\21.0.6-win32-x86_64\bin\instrument.dll
Event: 1.709 Loaded shared library C:\Users\Usuario\.vscode\extensions\redhat.java-1.41.0-win32-x64\jre\21.0.6-win32-x86_64\bin\net.dll
Event: 1.818 Loaded shared library C:\Users\Usuario\.vscode\extensions\redhat.java-1.41.0-win32-x64\jre\21.0.6-win32-x86_64\bin\nio.dll
Event: 1.860 Loaded shared library C:\Users\Usuario\.vscode\extensions\redhat.java-1.41.0-win32-x64\jre\21.0.6-win32-x86_64\bin\zip.dll
Event: 2.028 Loaded shared library C:\Users\Usuario\.vscode\extensions\redhat.java-1.41.0-win32-x64\jre\21.0.6-win32-x86_64\bin\jimage.dll
Event: 2.552 Loaded shared library c:\Users\Usuario\.vscode\extensions\redhat.java-1.41.0-win32-x64\jre\21.0.6-win32-x86_64\bin\verify.dll
Event: 10.782 Loaded shared library C:\Users\Usuario\AppData\Roaming\Code\User\globalStorage\redhat.java\1.41.0\config_win\org.eclipse.equinox.launcher\org.eclipse.equinox.launcher.win32.win32.x86_64_1.2.1300.v20250325-0811\eclipse_11911.dll
Event: 32.853 Loaded shared library C:\Users\Usuario\AppData\Local\Temp\jna-1531808526\jna12874080583974758455.dll
Event: 64.111 Loaded shared library C:\Users\Usuario\.vscode\extensions\redhat.java-1.41.0-win32-x64\jre\21.0.6-win32-x86_64\bin\sunmscapi.dll
Event: 64.971 Loaded shared library C:\Users\Usuario\.vscode\extensions\redhat.java-1.41.0-win32-x64\jre\21.0.6-win32-x86_64\bin\extnet.dll

Deoptimization events (20 events):
Event: 91.049 Thread 0x000001c396556150 DEOPT PACKING pc=0x000001c33dcf6554 sp=0x00000030252fddb0
Event: 91.049 Thread 0x000001c396556150 DEOPT UNPACKING pc=0x000001c344974223 sp=0x00000030252fd2c0 mode 0
Event: 91.060 Thread 0x000001c396556150 DEOPT PACKING pc=0x000001c33d69d0c2 sp=0x00000030252fd8a0
Event: 91.060 Thread 0x000001c396556150 DEOPT UNPACKING pc=0x000001c344974223 sp=0x00000030252fcd28 mode 0
Event: 91.074 Thread 0x000001c396556150 DEOPT PACKING pc=0x000001c33d69d0c2 sp=0x00000030252fda50
Event: 91.074 Thread 0x000001c396556150 DEOPT UNPACKING pc=0x000001c344974223 sp=0x00000030252fcec0 mode 0
Event: 91.088 Thread 0x000001c396556150 Uncommon trap: trap_request=0xffffff45 fr.pc=0x000001c3452a13d0 relative=0x0000000000000390
Event: 91.088 Thread 0x000001c396556150 Uncommon trap: reason=unstable_if action=reinterpret pc=0x000001c3452a13d0 method=org.eclipse.jdt.internal.compiler.util.HashtableOfObject.get([C)Ljava/lang/Object; @ 37 c2
Event: 91.088 Thread 0x000001c396556150 DEOPT PACKING pc=0x000001c3452a13d0 sp=0x00000030252feb20
Event: 91.089 Thread 0x000001c396556150 DEOPT UNPACKING pc=0x000001c344973a9c sp=0x00000030252feab0 mode 2
Event: 91.892 Thread 0x000001c396556150 Uncommon trap: trap_request=0xffffff45 fr.pc=0x000001c34527a4e0 relative=0x00000000000000c0
Event: 91.892 Thread 0x000001c396556150 Uncommon trap: reason=unstable_if action=reinterpret pc=0x000001c34527a4e0 method=java.util.Hashtable$Enumerator.nextElement()Ljava/lang/Object; @ 87 c2
Event: 91.892 Thread 0x000001c396556150 DEOPT PACKING pc=0x000001c34527a4e0 sp=0x00000030252fed20
Event: 91.892 Thread 0x000001c396556150 DEOPT UNPACKING pc=0x000001c344973a9c sp=0x00000030252fec40 mode 2
Event: 91.976 Thread 0x000001c396556150 Uncommon trap: trap_request=0xffffff45 fr.pc=0x000001c345278738 relative=0x0000000000000098
Event: 91.976 Thread 0x000001c396556150 Uncommon trap: reason=unstable_if action=reinterpret pc=0x000001c345278738 method=java.util.Hashtable$Enumerator.nextElement()Ljava/lang/Object; @ 87 c2
Event: 91.976 Thread 0x000001c396556150 DEOPT PACKING pc=0x000001c345278738 sp=0x00000030252fecb0
Event: 91.976 Thread 0x000001c396556150 DEOPT UNPACKING pc=0x000001c344973a9c sp=0x00000030252fec38 mode 2
Event: 93.396 Thread 0x000001c34e573390 DEOPT PACKING pc=0x000001c33e1c6bea sp=0x00000030246fe900
Event: 93.396 Thread 0x000001c34e573390 DEOPT UNPACKING pc=0x000001c344974223 sp=0x00000030246fde88 mode 0

Classes loaded (20 events):
Event: 90.375 Loading class java/util/stream/IntPipeline
Event: 90.384 Loading class java/util/stream/IntStream
Event: 90.386 Loading class java/util/stream/IntStream done
Event: 90.386 Loading class java/util/stream/IntPipeline done
Event: 90.386 Loading class java/util/stream/IntPipeline$StatelessOp done
Event: 90.387 Loading class java/util/stream/ReferencePipeline$4 done
Event: 90.389 Loading class java/util/stream/Nodes$IntFixedNodeBuilder
Event: 90.390 Loading class java/util/stream/Node$Builder$OfInt
Event: 90.391 Loading class java/util/stream/Sink$OfInt
Event: 90.419 Loading class java/util/stream/Sink$OfInt done
Event: 90.419 Loading class java/util/stream/Node$Builder$OfInt done
Event: 90.419 Loading class java/util/stream/Nodes$IntArrayNode
Event: 90.419 Loading class java/util/stream/Nodes$IntArrayNode done
Event: 90.419 Loading class java/util/stream/Nodes$IntFixedNodeBuilder done
Event: 90.420 Loading class java/util/stream/ReferencePipeline$4$1
Event: 90.421 Loading class java/util/stream/ReferencePipeline$4$1 done
Event: 91.888 Loading class java/util/Hashtable$ValueCollection
Event: 91.890 Loading class java/util/Hashtable$ValueCollection done
Event: 93.825 Loading class java/util/concurrent/ConcurrentHashMap$KeySpliterator
Event: 93.826 Loading class java/util/concurrent/ConcurrentHashMap$KeySpliterator done

Classes unloaded (8 events):
Event: 43.838 Thread 0x000001c33a2aeba0 Unloading class 0x000001c35019c400 'java/lang/invoke/LambdaForm$MH+0x000001c35019c400'
Event: 43.838 Thread 0x000001c33a2aeba0 Unloading class 0x000001c35019c000 'java/lang/invoke/LambdaForm$MH+0x000001c35019c000'
Event: 43.838 Thread 0x000001c33a2aeba0 Unloading class 0x000001c35019bc00 'java/lang/invoke/LambdaForm$MH+0x000001c35019bc00'
Event: 43.838 Thread 0x000001c33a2aeba0 Unloading class 0x000001c35019b800 'java/lang/invoke/LambdaForm$MH+0x000001c35019b800'
Event: 43.838 Thread 0x000001c33a2aeba0 Unloading class 0x000001c35019b400 'java/lang/invoke/LambdaForm$BMH+0x000001c35019b400'
Event: 43.838 Thread 0x000001c33a2aeba0 Unloading class 0x000001c35019b000 'java/lang/invoke/LambdaForm$DMH+0x000001c35019b000'
Event: 43.838 Thread 0x000001c33a2aeba0 Unloading class 0x000001c350199c00 'java/lang/invoke/LambdaForm$DMH+0x000001c350199c00'
Event: 55.288 Thread 0x000001c33a2aeba0 Unloading class 0x000001c350259c00 'java/lang/invoke/LambdaForm$DMH+0x000001c350259c00'

Classes redefined (0 events):
No events

Internal exceptions (20 events):
Event: 69.003 Thread 0x000001c34e572670 Exception <a 'java/lang/NoSuchMethodError'{0x00000000ebfbf5c8}: 'java.lang.Object java.lang.invoke.DirectMethodHandle$Holder.invokeSpecial(java.lang.Object, java.lang.Object, java.lang.Object, java.lang.Object, int)'> (0x00000000ebfbf5c8) 
thrown [s\src\hotspot\share\interpreter\linkResolver.cpp, line 773]
Event: 69.003 Thread 0x000001c34e572670 Exception <a 'java/lang/NoSuchMethodError'{0x00000000ebfc2d20}: 'java.lang.Object java.lang.invoke.Invokers$Holder.linkToTargetMethod(java.lang.Object, java.lang.Object, int, java.lang.Object)'> (0x00000000ebfc2d20) 
thrown [s\src\hotspot\share\interpreter\linkResolver.cpp, line 773]
Event: 70.631 Thread 0x000001c34e572670 Exception <a 'java/io/FileNotFoundException'{0x00000000eb459208}> (0x00000000eb459208) 
thrown [s\src\hotspot\share\prims\jni.cpp, line 520]
Event: 70.633 Thread 0x000001c34e572670 Exception <a 'java/io/FileNotFoundException'{0x00000000eb45a258}> (0x00000000eb45a258) 
thrown [s\src\hotspot\share\prims\jni.cpp, line 520]
Event: 70.635 Thread 0x000001c34e572670 Exception <a 'java/io/FileNotFoundException'{0x00000000eb45aff8}> (0x00000000eb45aff8) 
thrown [s\src\hotspot\share\prims\jni.cpp, line 520]
Event: 71.455 Thread 0x000001c396556e70 Exception <a 'java/io/FileNotFoundException'{0x00000000eb8ead88}> (0x00000000eb8ead88) 
thrown [s\src\hotspot\share\prims\jni.cpp, line 520]
Event: 71.591 Thread 0x000001c34e572670 Exception <a 'java/io/FileNotFoundException'{0x00000000eb9e7ff8}> (0x00000000eb9e7ff8) 
thrown [s\src\hotspot\share\prims\jni.cpp, line 520]
Event: 71.592 Thread 0x000001c34e572670 Exception <a 'java/io/FileNotFoundException'{0x00000000eb9e9038}> (0x00000000eb9e9038) 
thrown [s\src\hotspot\share\prims\jni.cpp, line 520]
Event: 71.593 Thread 0x000001c34e572670 Exception <a 'java/io/FileNotFoundException'{0x00000000eb9ea828}> (0x00000000eb9ea828) 
thrown [s\src\hotspot\share\prims\jni.cpp, line 520]
Event: 71.593 Thread 0x000001c34e572670 Exception <a 'java/io/FileNotFoundException'{0x00000000eb9ebb30}> (0x00000000eb9ebb30) 
thrown [s\src\hotspot\share\prims\jni.cpp, line 520]
Event: 71.594 Thread 0x000001c34e572670 Exception <a 'java/io/FileNotFoundException'{0x00000000eb9ecb98}> (0x00000000eb9ecb98) 
thrown [s\src\hotspot\share\prims\jni.cpp, line 520]
Event: 71.957 Thread 0x000001c34e572670 Exception <a 'java/lang/NoSuchMethodError'{0x00000000eabe81a0}: 'int java.lang.invoke.DirectMethodHandle$Holder.invokeSpecialIFC(java.lang.Object, java.lang.Object, java.lang.Object, java.lang.Object)'> (0x00000000eabe81a0) 
thrown [s\src\hotspot\share\interpreter\linkResolver.cpp, line 773]
Event: 72.184 Thread 0x000001c396556e70 Exception <a 'java/lang/IncompatibleClassChangeError'{0x00000000eae9db90}: Found class java.lang.Object, but interface was expected> (0x00000000eae9db90) 
thrown [s\src\hotspot\share\interpreter\linkResolver.cpp, line 840]
Event: 73.667 Thread 0x000001c34e572670 Exception <a 'sun/nio/fs/WindowsException'{0x00000000ebb92768}> (0x00000000ebb92768) 
thrown [s\src\hotspot\share\prims\jni.cpp, line 520]
Event: 73.668 Thread 0x000001c34e572670 Exception <a 'sun/nio/fs/WindowsException'{0x00000000ebb92d98}> (0x00000000ebb92d98) 
thrown [s\src\hotspot\share\prims\jni.cpp, line 520]
Event: 75.704 Thread 0x000001c34e572670 Exception <a 'sun/nio/fs/WindowsException'{0x00000000ebd3de68}> (0x00000000ebd3de68) 
thrown [s\src\hotspot\share\prims\jni.cpp, line 520]
Event: 75.740 Thread 0x000001c34e572670 Exception <a 'sun/nio/fs/WindowsException'{0x00000000ebd98ca0}> (0x00000000ebd98ca0) 
thrown [s\src\hotspot\share\prims\jni.cpp, line 520]
Event: 83.909 Thread 0x000001c34e572670 Exception <a 'java/lang/NoSuchMethodError'{0x00000000ebb4dc68}: 'int java.lang.invoke.DirectMethodHandle$Holder.invokeSpecialIFC(java.lang.Object, java.lang.Object, java.lang.Object)'> (0x00000000ebb4dc68) 
thrown [s\src\hotspot\share\interpreter\linkResolver.cpp, line 773]
Event: 91.385 Thread 0x000001c396556150 Exception <a 'java/lang/NoSuchMethodError'{0x00000000eb2bc240}: 'void java.lang.invoke.DirectMethodHandle$Holder.invokeStatic(java.lang.Object, int, java.lang.Object)'> (0x00000000eb2bc240) 
thrown [s\src\hotspot\share\interpreter\linkResolver.cpp, line 773]
Event: 93.841 Thread 0x000001c34e572670 Exception <a 'java/lang/NoSuchMethodError'{0x00000000eb542a10}: 'java.lang.Object java.lang.invoke.DirectMethodHandle$Holder.newInvokeSpecial(java.lang.Object, java.lang.Object, int, int, java.lang.Object)'> (0x00000000eb542a10) 
thrown [s\src\hotspot\share\interpreter\linkResolver.cpp, line 773]

ZGC Phase Switch (0 events):
No events

VM Operations (20 events):
Event: 83.876 Executing VM operation: HandshakeAllThreads (Deoptimize)
Event: 83.878 Executing VM operation: HandshakeAllThreads (Deoptimize) done
Event: 84.198 Executing VM operation: ParallelGCFailedAllocation (Allocation Failure)
Event: 84.683 Executing VM operation: ParallelGCFailedAllocation (Allocation Failure) done
Event: 85.497 Executing VM operation: ParallelGCFailedAllocation (Allocation Failure)
Event: 85.512 Executing VM operation: ParallelGCFailedAllocation (Allocation Failure) done
Event: 86.512 Executing VM operation: Cleanup
Event: 86.779 Executing VM operation: Cleanup done
Event: 86.871 Executing VM operation: ParallelGCFailedAllocation (Allocation Failure)
Event: 86.925 Executing VM operation: ParallelGCFailedAllocation (Allocation Failure) done
Event: 88.291 Executing VM operation: CollectForMetadataAllocation (Metadata GC Threshold)
Event: 89.896 Executing VM operation: CollectForMetadataAllocation (Metadata GC Threshold) done
Event: 90.331 Executing VM operation: HandshakeAllThreads (Deoptimize)
Event: 90.338 Executing VM operation: HandshakeAllThreads (Deoptimize) done
Event: 90.858 Executing VM operation: HandshakeAllThreads (Deoptimize)
Event: 91.043 Executing VM operation: HandshakeAllThreads (Deoptimize) done
Event: 91.043 Executing VM operation: Cleanup
Event: 91.049 Executing VM operation: Cleanup done
Event: 92.050 Executing VM operation: Cleanup
Event: 92.974 Executing VM operation: Cleanup done

Memory protections (0 events):
No events

Nmethod flushes (20 events):
Event: 89.579 Thread 0x000001c33a2aeba0 flushing  nmethod 0x000001c33dcf7510
Event: 89.579 Thread 0x000001c33a2aeba0 flushing  nmethod 0x000001c33dcf7f10
Event: 89.579 Thread 0x000001c33a2aeba0 flushing  nmethod 0x000001c33dcf8510
Event: 89.579 Thread 0x000001c33a2aeba0 flushing  nmethod 0x000001c33dcfe010
Event: 89.579 Thread 0x000001c33a2aeba0 flushing  nmethod 0x000001c33dcff110
Event: 89.579 Thread 0x000001c33a2aeba0 flushing  nmethod 0x000001c33dd0c310
Event: 89.579 Thread 0x000001c33a2aeba0 flushing  nmethod 0x000001c33dd19e90
Event: 89.579 Thread 0x000001c33a2aeba0 flushing  nmethod 0x000001c33dd20390
Event: 89.579 Thread 0x000001c33a2aeba0 flushing  nmethod 0x000001c33dd58e90
Event: 89.579 Thread 0x000001c33a2aeba0 flushing  nmethod 0x000001c33dd5a390
Event: 89.579 Thread 0x000001c33a2aeba0 flushing  nmethod 0x000001c33dd5d290
Event: 89.580 Thread 0x000001c33a2aeba0 flushing  nmethod 0x000001c33dd5e390
Event: 89.580 Thread 0x000001c33a2aeba0 flushing  nmethod 0x000001c33dd7ae90
Event: 89.580 Thread 0x000001c33a2aeba0 flushing osr nmethod 0x000001c33dd86b90
Event: 89.580 Thread 0x000001c33a2aeba0 flushing  nmethod 0x000001c33dd98a90
Event: 89.580 Thread 0x000001c33a2aeba0 flushing  nmethod 0x000001c33ddb6910
Event: 89.580 Thread 0x000001c33a2aeba0 flushing  nmethod 0x000001c33ddc6490
Event: 89.580 Thread 0x000001c33a2aeba0 flushing  nmethod 0x000001c33dde6810
Event: 89.580 Thread 0x000001c33a2aeba0 flushing  nmethod 0x000001c33de1b710
Event: 89.580 Thread 0x000001c33a2aeba0 flushing  nmethod 0x000001c33de44210

Events (20 events):
Event: 33.849 Thread 0x000001c394370350 Thread added: 0x000001c34e571fe0
Event: 35.031 Thread 0x000001c34e571fe0 Thread added: 0x000001c34e5740b0
Event: 44.636 Thread 0x000001c34e5740b0 Thread added: 0x000001c34e572670
Event: 44.733 Thread 0x000001c34e572670 Thread added: 0x000001c34e574dd0
Event: 48.628 Thread 0x000001c34e573390 Thread exited: 0x000001c34e573390
Event: 53.576 Thread 0x000001c394370350 Thread added: 0x000001c34e573390
Event: 59.778 Thread 0x000001c34e574dd0 Thread added: 0x000001c396554080
Event: 61.178 Thread 0x000001c396554080 Thread added: 0x000001c39655a980
Event: 61.778 Thread 0x000001c337e82dd0 Thread added: 0x000001c39655b6a0
Event: 61.780 Thread 0x000001c337e82dd0 Thread added: 0x000001c396557b90
Event: 61.780 Thread 0x000001c337e82dd0 Thread added: 0x000001c396555ac0
Event: 62.436 Thread 0x000001c337e82dd0 Thread added: 0x000001c396555430
Event: 64.139 Thread 0x000001c337e82dd0 Thread added: 0x000001c396558f40
Event: 64.140 Thread 0x000001c337e82dd0 Thread added: 0x000001c396556e70
Event: 67.722 Thread 0x000001c34e574dd0 Thread added: 0x000001c396559c60
Event: 67.880 Thread 0x000001c396559c60 Thread exited: 0x000001c396559c60
Event: 68.063 Thread 0x000001c34e574dd0 Thread added: 0x000001c396556150
Event: 83.470 Thread 0x000001c396556150 Thread exited: 0x000001c396556150
Event: 84.127 Thread 0x000001c34e572670 Thread added: 0x000001c396556150
Event: 93.855 Thread 0x000001c34e572670 Thread added: 0x000001c396554da0


Dynamic libraries:
0x00007ff6067f0000 - 0x00007ff6067fe000 	c:\Users\Usuario\.vscode\extensions\redhat.java-1.41.0-win32-x64\jre\21.0.6-win32-x86_64\bin\java.exe
0x00007ff997dd0000 - 0x00007ff997fb0000 	C:\Windows\SYSTEM32\ntdll.dll
0x00007ff9978c0000 - 0x00007ff99796e000 	C:\Windows\System32\KERNEL32.DLL
0x00007ff994c70000 - 0x00007ff994ed6000 	C:\Windows\System32\KERNELBASE.dll
0x00007ff9950b0000 - 0x00007ff9951a6000 	C:\Windows\System32\ucrtbase.dll
0x00007ff980d20000 - 0x00007ff980d38000 	c:\Users\Usuario\.vscode\extensions\redhat.java-1.41.0-win32-x64\jre\21.0.6-win32-x86_64\bin\jli.dll
0x00007ff995570000 - 0x00007ff9956ff000 	C:\Windows\System32\USER32.dll
0x00007ff994370000 - 0x00007ff994390000 	C:\Windows\System32\win32u.dll
0x00007ff997890000 - 0x00007ff9978b8000 	C:\Windows\System32\GDI32.dll
0x00007ff9941d0000 - 0x00007ff994363000 	C:\Windows\System32\gdi32full.dll
0x00007ff995200000 - 0x00007ff99529b000 	C:\Windows\System32\msvcp_win.dll
0x00007ff980b00000 - 0x00007ff980b1e000 	c:\Users\Usuario\.vscode\extensions\redhat.java-1.41.0-win32-x64\jre\21.0.6-win32-x86_64\bin\VCRUNTIME140.dll
0x00007ff989a60000 - 0x00007ff989cc9000 	C:\Windows\WinSxS\amd64_microsoft.windows.common-controls_6595b64144ccf1df_6.0.16299.192_none_15c8cdae9364c23b\COMCTL32.dll
0x00007ff995c20000 - 0x00007ff995cbd000 	C:\Windows\System32\msvcrt.dll
0x00007ff995d20000 - 0x00007ff996028000 	C:\Windows\System32\combase.dll
0x00007ff996030000 - 0x00007ff99614f000 	C:\Windows\System32\RPCRT4.dll
0x00007ff994440000 - 0x00007ff9944b2000 	C:\Windows\System32\bcryptPrimitives.dll
0x00007ff997d50000 - 0x00007ff997d7d000 	C:\Windows\System32\IMM32.DLL
0x00007ff9925d0000 - 0x00007ff9925dc000 	c:\Users\Usuario\.vscode\extensions\redhat.java-1.41.0-win32-x64\jre\21.0.6-win32-x86_64\bin\vcruntime140_1.dll
0x00007ff958580000 - 0x00007ff95860d000 	c:\Users\Usuario\.vscode\extensions\redhat.java-1.41.0-win32-x64\jre\21.0.6-win32-x86_64\bin\msvcp140.dll
0x00007ff93cbc0000 - 0x00007ff93d950000 	c:\Users\Usuario\.vscode\extensions\redhat.java-1.41.0-win32-x64\jre\21.0.6-win32-x86_64\bin\server\jvm.dll
0x00007ff9961f0000 - 0x00007ff996291000 	C:\Windows\System32\ADVAPI32.dll
0x00007ff995700000 - 0x00007ff99575b000 	C:\Windows\System32\sechost.dll
0x00007ff994120000 - 0x00007ff99416c000 	C:\Windows\System32\POWRPROF.dll
0x00007ff995300000 - 0x00007ff99536c000 	C:\Windows\System32\WS2_32.dll
0x00007ff9924f0000 - 0x00007ff992513000 	C:\Windows\SYSTEM32\WINMM.dll
0x00007ff97f390000 - 0x00007ff97f39a000 	C:\Windows\SYSTEM32\VERSION.dll
0x00007ff992490000 - 0x00007ff9924ba000 	C:\Windows\SYSTEM32\WINMMBASE.dll
0x00007ff9951b0000 - 0x00007ff9951fa000 	C:\Windows\System32\cfgmgr32.dll
0x00007ff9941b0000 - 0x00007ff9941c1000 	C:\Windows\System32\kernel.appcore.dll
0x00007ff987010000 - 0x00007ff98701a000 	c:\Users\Usuario\.vscode\extensions\redhat.java-1.41.0-win32-x64\jre\21.0.6-win32-x86_64\bin\jimage.dll
0x00007ff9771f0000 - 0x00007ff9773b8000 	C:\Windows\SYSTEM32\DBGHELP.DLL
0x00007ff987020000 - 0x00007ff987049000 	C:\Windows\SYSTEM32\dbgcore.DLL
0x00007ff986bd0000 - 0x00007ff986bdf000 	c:\Users\Usuario\.vscode\extensions\redhat.java-1.41.0-win32-x64\jre\21.0.6-win32-x86_64\bin\instrument.dll
0x00007ff97f1f0000 - 0x00007ff97f20f000 	c:\Users\Usuario\.vscode\extensions\redhat.java-1.41.0-win32-x64\jre\21.0.6-win32-x86_64\bin\java.dll
0x00007ff9962a0000 - 0x00007ff9976d6000 	C:\Windows\System32\SHELL32.dll
0x00007ff9954c0000 - 0x00007ff995566000 	C:\Windows\System32\shcore.dll
0x00007ff994520000 - 0x00007ff994c67000 	C:\Windows\System32\windows.storage.dll
0x00007ff995cc0000 - 0x00007ff995d11000 	C:\Windows\System32\shlwapi.dll
0x00007ff994170000 - 0x00007ff99418b000 	C:\Windows\System32\profapi.dll
0x00007ff97e1f0000 - 0x00007ff97e208000 	c:\Users\Usuario\.vscode\extensions\redhat.java-1.41.0-win32-x64\jre\21.0.6-win32-x86_64\bin\zip.dll
0x00007ff9856a0000 - 0x00007ff9856b0000 	C:\Users\Usuario\.vscode\extensions\redhat.java-1.41.0-win32-x64\jre\21.0.6-win32-x86_64\bin\net.dll
0x00007ff989cd0000 - 0x00007ff989dae000 	C:\Windows\SYSTEM32\WINHTTP.dll
0x00007ff9939b0000 - 0x00007ff993a16000 	C:\Windows\system32\mswsock.dll
0x00007ff97d5a0000 - 0x00007ff97d5b6000 	C:\Users\Usuario\.vscode\extensions\redhat.java-1.41.0-win32-x64\jre\21.0.6-win32-x86_64\bin\nio.dll
0x00007ff984730000 - 0x00007ff984740000 	c:\Users\Usuario\.vscode\extensions\redhat.java-1.41.0-win32-x64\jre\21.0.6-win32-x86_64\bin\verify.dll
0x00007ff93c440000 - 0x00007ff93c485000 	C:\Users\Usuario\AppData\Roaming\Code\User\globalStorage\redhat.java\1.41.0\config_win\org.eclipse.equinox.launcher\org.eclipse.equinox.launcher.win32.win32.x86_64_1.2.1300.v20250325-0811\eclipse_11911.dll
0x00007ff995370000 - 0x00007ff9954b9000 	C:\Windows\System32\ole32.dll
0x00007ff993b70000 - 0x00007ff993b87000 	C:\Windows\SYSTEM32\CRYPTSP.dll
0x00007ff993560000 - 0x00007ff993593000 	C:\Windows\system32\rsaenh.dll
0x00007ff993c80000 - 0x00007ff993ca5000 	C:\Windows\SYSTEM32\bcrypt.dll
0x00007ff994020000 - 0x00007ff994049000 	C:\Windows\SYSTEM32\USERENV.dll
0x00007ff993b90000 - 0x00007ff993b9b000 	C:\Windows\SYSTEM32\CRYPTBASE.dll
0x00007ff993740000 - 0x00007ff993779000 	C:\Windows\SYSTEM32\IPHLPAPI.DLL
0x00007ff9976e0000 - 0x00007ff9976e8000 	C:\Windows\System32\NSI.dll
0x00007ff954090000 - 0x00007ff9540d9000 	C:\Users\Usuario\AppData\Local\Temp\jna-1531808526\jna12874080583974758455.dll
0x00007ff997b50000 - 0x00007ff997b58000 	C:\Windows\System32\PSAPI.DLL
0x00007ff98b350000 - 0x00007ff98b366000 	C:\Windows\SYSTEM32\dhcpcsvc6.DLL
0x00007ff98dbe0000 - 0x00007ff98dbfa000 	C:\Windows\SYSTEM32\dhcpcsvc.DLL
0x00007ff98fc30000 - 0x00007ff98fc3e000 	C:\Users\Usuario\.vscode\extensions\redhat.java-1.41.0-win32-x64\jre\21.0.6-win32-x86_64\bin\sunmscapi.dll
0x00007ff994ee0000 - 0x00007ff9950ae000 	C:\Windows\System32\CRYPT32.dll
0x00007ff994190000 - 0x00007ff9941a2000 	C:\Windows\System32\MSASN1.dll
0x00007ff993c50000 - 0x00007ff993c76000 	C:\Windows\SYSTEM32\ncrypt.dll
0x00007ff993c10000 - 0x00007ff993c46000 	C:\Windows\SYSTEM32\NTASN1.dll
0x00007ff993780000 - 0x00007ff993836000 	C:\Windows\SYSTEM32\DNSAPI.dll
0x00007ff986d80000 - 0x00007ff986d8a000 	C:\Windows\System32\rasadhlp.dll
0x00007ff98a0c0000 - 0x00007ff98a130000 	C:\Windows\System32\fwpuclnt.dll
0x00007ff98cf60000 - 0x00007ff98cf69000 	C:\Users\Usuario\.vscode\extensions\redhat.java-1.41.0-win32-x64\jre\21.0.6-win32-x86_64\bin\extnet.dll

dbghelp: loaded successfully - version: 4.0.5 - missing functions: none
symbol engine: initialized successfully - sym options: 0x614 - pdb path: .;c:\Users\Usuario\.vscode\extensions\redhat.java-1.41.0-win32-x64\jre\21.0.6-win32-x86_64\bin;C:\Windows\SYSTEM32;C:\Windows\WinSxS\amd64_microsoft.windows.common-controls_6595b64144ccf1df_6.0.16299.192_none_15c8cdae9364c23b;c:\Users\Usuario\.vscode\extensions\redhat.java-1.41.0-win32-x64\jre\21.0.6-win32-x86_64\bin\server;C:\Users\Usuario\AppData\Roaming\Code\User\globalStorage\redhat.java\1.41.0\config_win\org.eclipse.equinox.launcher\org.eclipse.equinox.launcher.win32.win32.x86_64_1.2.1300.v20250325-0811;C:\Users\Usuario\AppData\Local\Temp\jna-1531808526

VM Arguments:
jvm_args: --add-modules=ALL-SYSTEM --add-opens=java.base/java.util=ALL-UNNAMED --add-opens=java.base/java.lang=ALL-UNNAMED --add-opens=java.base/sun.nio.fs=ALL-UNNAMED -Declipse.application=org.eclipse.jdt.ls.core.id1 -Dosgi.bundles.defaultStartLevel=4 -Declipse.product=org.eclipse.jdt.ls.core.product -Djava.import.generatesMetadataFilesAtProjectRoot=false -DDetectVMInstallationsJob.disabled=true -Dfile.encoding=utf8 -XX:+UseParallelGC -XX:GCTimeRatio=4 -XX:AdaptiveSizePolicyWeight=90 -Dsun.zip.disableMemoryMapping=true -Xmx1G -Xms100m -Xlog:disable -javaagent:c:\Users\Usuario\.vscode\extensions\redhat.java-1.41.0-win32-x64\lombok\lombok-1.18.36.jar -XX:+HeapDumpOnOutOfMemoryError -XX:HeapDumpPath=c:\Users\Usuario\AppData\Roaming\Code\User\workspaceStorage\7909a9513652716bd972e05c782d54f9\redhat.java -Daether.dependencyCollector.impl=bf 
java_command: c:\Users\Usuario\.vscode\extensions\redhat.java-1.41.0-win32-x64\server\plugins\org.eclipse.equinox.launcher_1.6.1100.v20250306-0509.jar -configuration c:\Users\Usuario\AppData\Roaming\Code\User\globalStorage\redhat.java\1.41.0\config_win -data c:\Users\Usuario\AppData\Roaming\Code\User\workspaceStorage\7909a9513652716bd972e05c782d54f9\redhat.java\jdt_ws --pipe=\\.\pipe\lsp-2a58350b13c10188955912300ba517e5-sock
java_class_path (initial): c:\Users\Usuario\.vscode\extensions\redhat.java-1.41.0-win32-x64\server\plugins\org.eclipse.equinox.launcher_1.6.1100.v20250306-0509.jar
Launcher Type: SUN_STANDARD

[Global flags]
    uintx AdaptiveSizePolicyWeight                 = 90                                        {product} {command line}
     intx CICompilerCount                          = 2                                         {product} {ergonomic}
    uintx GCTimeRatio                              = 4                                         {product} {command line}
     bool HeapDumpOnOutOfMemoryError               = true                                   {manageable} {command line}
    ccstr HeapDumpPath                             = c:\Users\Usuario\AppData\Roaming\Code\User\workspaceStorage\7909a9513652716bd972e05c782d54f9\redhat.java         {manageable} {command line}
   size_t InitialHeapSize                          = 104857600                                 {product} {command line}
   size_t MaxHeapSize                              = 1073741824                                {product} {command line}
   size_t MaxNewSize                               = 357564416                                 {product} {ergonomic}
   size_t MinHeapDeltaBytes                        = 524288                                    {product} {ergonomic}
   size_t MinHeapSize                              = 104857600                                 {product} {command line}
   size_t NewSize                                  = 34603008                                  {product} {ergonomic}
    uintx NonNMethodCodeHeapSize                   = 5826188                                {pd product} {ergonomic}
    uintx NonProfiledCodeHeapSize                  = 122916026                              {pd product} {ergonomic}
   size_t OldSize                                  = 70254592                                  {product} {ergonomic}
    uintx ProfiledCodeHeapSize                     = 122916026                              {pd product} {ergonomic}
    uintx ReservedCodeCacheSize                    = 251658240                              {pd product} {ergonomic}
     bool SegmentedCodeCache                       = true                                      {product} {ergonomic}
   size_t SoftMaxHeapSize                          = 1073741824                             {manageable} {ergonomic}
     bool UseCompressedOops                        = true                           {product lp64_product} {ergonomic}
     bool UseLargePagesIndividualAllocation        = false                                  {pd product} {ergonomic}
     bool UseParallelGC                            = true                                      {product} {command line}

Logging:
Log output configuration:
 #0: stdout all=off uptime,level,tags foldmultilines=false
 #1: stderr all=off uptime,level,tags foldmultilines=false

Environment Variables:
JAVA_HOME=C:\Program Files\Java\jdk-21
PATH=C:\Program Files\Common Files\Oracle\Java\javapath;C:\Windows\system32;C:\Windows;C:\Windows\System32\Wbem;C:\Windows\System32\WindowsPowerShell\v1.0\;C:\Program Files\nodejs\;C:\Program Files\Git\cmd;C:\Users\Usuario\AppData\Local\Microsoft\WindowsApps;C:\Users\Usuario\AppData\Local\Programs\Microsoft VS Code\bin;C:\Users\Usuario\AppData\Roaming\npm
USERNAME=Usuario
OS=Windows_NT
PROCESSOR_IDENTIFIER=Intel64 Family 6 Model 42 Stepping 7, GenuineIntel
TMP=C:\Users\Usuario\AppData\Local\Temp
TEMP=C:\Users\Usuario\AppData\Local\Temp




Periodic native trim disabled

---------------  S Y S T E M  ---------------

OS:
 Windows 10 , 64 bit Build 16299 (10.0.16299.15)
OS uptime: 1 days 12:49 hours

CPU: total 2 (initial active 2) (2 cores per cpu, 1 threads per core) family 6 model 42 stepping 7 microcode 0x29, cx8, cmov, fxsr, mmx, sse, sse2, sse3, ssse3, sse4.1, sse4.2, popcnt, tsc, tscinvbit, clmul, clflush, rdtscp
Processor Information for the first 2 processors :
  Max Mhz: 1500, Current Mhz: 1500, Mhz Limit: 1500

Memory: 4k page, system-wide physical 1488M (260M free)
TotalPageFile size 6096M (AvailPageFile size 6M)
current process WorkingSet (physical memory assigned to process): 157M, peak: 178M
current process commit charge ("private bytes"): 295M, peak: 298M

vm_info: OpenJDK 64-Bit Server VM (21.0.6+7-LTS) for windows-amd64 JRE (21.0.6+7-LTS), built on 2025-01-21T00:00:00Z by "admin" with MS VC++ 17.7 (VS2022)

END.
